<?xml version="1.0" encoding="UTF-8"?>
<testsuite xmlns:xsi="http://www.w3.org/2001/XMLSchema-instance" xsi:noNamespaceSchemaLocation="https://maven.apache.org/surefire/maven-surefire-plugin/xsd/surefire-test-report-3.0.xsd" version="3.0" name="TestSuite" time="208.164" tests="4" errors="0" skipped="0" failures="2">
  <properties>
    <property name="java.specification.version" value="21"/>
    <property name="sun.cpu.isalist" value="amd64"/>
    <property name="sun.jnu.encoding" value="Cp1252"/>
    <property name="java.class.path" value="C:\Users\amol.kumbhare\.m2\repository\org\apache\maven\surefire\surefire-shared-utils\3.1.0\surefire-shared-utils-3.1.0.jar;C:\Users\amol.kumbhare\.m2\repository\org\apache\maven\surefire\surefire-extensions-spi\3.1.0\surefire-extensions-spi-3.1.0.jar;C:\Users\amol.kumbhare\.m2\repository\org\apache\maven\surefire\surefire-api\3.1.0\surefire-api-3.1.0.jar;C:\Users\amol.kumbhare\.m2\repository\org\apache\maven\surefire\surefire-logger-api\3.1.0\surefire-logger-api-3.1.0.jar;C:\Users\amol.kumbhare\.m2\repository\org\apache\maven\surefire\surefire-booter\3.1.0\surefire-booter-3.1.0.jar;C:\Carina\project-qa\target\test-classes;C:\Carina\project-qa\target\classes;C:\Users\amol.kumbhare\.m2\repository\com\zebrunner\carina-core\1.1.3\carina-core-1.1.3.jar;C:\Users\amol.kumbhare\.m2\repository\com\zebrunner\carina-webdriver\1.1.5\carina-webdriver-1.1.5.jar;C:\Users\amol.kumbhare\.m2\repository\com\zebrunner\agent-testng-pluggable\1.9.6\agent-testng-pluggable-1.9.6.jar;C:\Users\amol.kumbhare\.m2\repository\com\zebrunner\agent-core\1.9.6\agent-core-1.9.6.jar;C:\Users\amol.kumbhare\.m2\repository\com\konghq\unirest-java\3.13.10\unirest-java-3.13.10.jar;C:\Users\amol.kumbhare\.m2\repository\org\apache\httpcomponents\httpcore-nio\4.4.13\httpcore-nio-4.4.13.jar;C:\Users\amol.kumbhare\.m2\repository\org\apache\httpcomponents\httpasyncclient\4.1.5\httpasyncclient-4.1.5.jar;C:\Users\amol.kumbhare\.m2\repository\org\seleniumhq\selenium\selenium-support\4.7.0\selenium-support-4.7.0.jar;C:\Users\amol.kumbhare\.m2\repository\com\google\auto\service\auto-service-annotations\1.0.1\auto-service-annotations-1.0.1.jar;C:\Users\amol.kumbhare\.m2\repository\com\google\auto\service\auto-service\1.0.1\auto-service-1.0.1.jar;C:\Users\amol.kumbhare\.m2\repository\com\google\auto\auto-common\1.2\auto-common-1.2.jar;C:\Users\amol.kumbhare\.m2\repository\org\seleniumhq\selenium\selenium-json\4.7.0\selenium-json-4.7.0.jar;C:\Users\amol.kumbhare\.m2\repository\org\seleniumhq\selenium\selenium-api\4.7.0\selenium-api-4.7.0.jar;C:\Users\amol.kumbhare\.m2\repository\org\seleniumhq\selenium\selenium-remote-driver\4.7.0\selenium-remote-driver-4.7.0.jar;C:\Users\amol.kumbhare\.m2\repository\io\netty\netty-buffer\4.1.84.Final\netty-buffer-4.1.84.Final.jar;C:\Users\amol.kumbhare\.m2\repository\io\netty\netty-codec-http\4.1.84.Final\netty-codec-http-4.1.84.Final.jar;C:\Users\amol.kumbhare\.m2\repository\io\netty\netty-common\4.1.84.Final\netty-common-4.1.84.Final.jar;C:\Users\amol.kumbhare\.m2\repository\io\netty\netty-transport-classes-epoll\4.1.84.Final\netty-transport-classes-epoll-4.1.84.Final.jar;C:\Users\amol.kumbhare\.m2\repository\io\netty\netty-transport-classes-kqueue\4.1.84.Final\netty-transport-classes-kqueue-4.1.84.Final.jar;C:\Users\amol.kumbhare\.m2\repository\io\netty\netty-transport-native-epoll\4.1.84.Final\netty-transport-native-epoll-4.1.84.Final.jar;C:\Users\amol.kumbhare\.m2\repository\io\netty\netty-transport-native-kqueue\4.1.84.Final\netty-transport-native-kqueue-4.1.84.Final.jar;C:\Users\amol.kumbhare\.m2\repository\io\netty\netty-transport-native-unix-common\4.1.84.Final\netty-transport-native-unix-common-4.1.84.Final.jar;C:\Users\amol.kumbhare\.m2\repository\io\netty\netty-transport\4.1.84.Final\netty-transport-4.1.84.Final.jar;C:\Users\amol.kumbhare\.m2\repository\io\netty\netty-resolver\4.1.84.Final\netty-resolver-4.1.84.Final.jar;C:\Users\amol.kumbhare\.m2\repository\io\opentelemetry\opentelemetry-api\1.19.0\opentelemetry-api-1.19.0.jar;C:\Users\amol.kumbhare\.m2\repository\io\opentelemetry\opentelemetry-context\1.19.0\opentelemetry-context-1.19.0.jar;C:\Users\amol.kumbhare\.m2\repository\io\opentelemetry\opentelemetry-exporter-logging\1.19.0\opentelemetry-exporter-logging-1.19.0.jar;C:\Users\amol.kumbhare\.m2\repository\io\opentelemetry\opentelemetry-sdk-metrics\1.19.0\opentelemetry-sdk-metrics-1.19.0.jar;C:\Users\amol.kumbhare\.m2\repository\io\opentelemetry\opentelemetry-sdk-logs\1.19.0-alpha\opentelemetry-sdk-logs-1.19.0-alpha.jar;C:\Users\amol.kumbhare\.m2\repository\io\opentelemetry\opentelemetry-api-logs\1.19.0-alpha\opentelemetry-api-logs-1.19.0-alpha.jar;C:\Users\amol.kumbhare\.m2\repository\io\opentelemetry\opentelemetry-sdk-common\1.19.0\opentelemetry-sdk-common-1.19.0.jar;C:\Users\amol.kumbhare\.m2\repository\io\opentelemetry\opentelemetry-sdk-extension-autoconfigure-spi\1.19.0\opentelemetry-sdk-extension-autoconfigure-spi-1.19.0.jar;C:\Users\amol.kumbhare\.m2\repository\io\opentelemetry\opentelemetry-sdk-extension-autoconfigure\1.19.0-alpha\opentelemetry-sdk-extension-autoconfigure-1.19.0-alpha.jar;C:\Users\amol.kumbhare\.m2\repository\io\opentelemetry\opentelemetry-exporter-common\1.19.0\opentelemetry-exporter-common-1.19.0.jar;C:\Users\amol.kumbhare\.m2\repository\io\opentelemetry\opentelemetry-sdk-trace\1.19.0\opentelemetry-sdk-trace-1.19.0.jar;C:\Users\amol.kumbhare\.m2\repository\io\opentelemetry\opentelemetry-sdk\1.19.0\opentelemetry-sdk-1.19.0.jar;C:\Users\amol.kumbhare\.m2\repository\io\opentelemetry\opentelemetry-semconv\1.19.0-alpha\opentelemetry-semconv-1.19.0-alpha.jar;C:\Users\amol.kumbhare\.m2\repository\io\ous\jtoml\2.0.0\jtoml-2.0.0.jar;C:\Users\amol.kumbhare\.m2\repository\org\apache\commons\commons-exec\1.3\commons-exec-1.3.jar;C:\Users\amol.kumbhare\.m2\repository\org\asynchttpclient\async-http-client\2.12.3\async-http-client-2.12.3.jar;C:\Users\amol.kumbhare\.m2\repository\org\asynchttpclient\async-http-client-netty-utils\2.12.3\async-http-client-netty-utils-2.12.3.jar;C:\Users\amol.kumbhare\.m2\repository\io\netty\netty-codec-socks\4.1.60.Final\netty-codec-socks-4.1.60.Final.jar;C:\Users\amol.kumbhare\.m2\repository\com\typesafe\netty\netty-reactive-streams\2.0.4\netty-reactive-streams-2.0.4.jar;C:\Users\amol.kumbhare\.m2\repository\com\sun\activation\jakarta.activation\1.2.2\jakarta.activation-1.2.2.jar;C:\Users\amol.kumbhare\.m2\repository\org\seleniumhq\selenium\selenium-http\4.7.0\selenium-http-4.7.0.jar;C:\Users\amol.kumbhare\.m2\repository\dev\failsafe\failsafe\3.3.0\failsafe-3.3.0.jar;C:\Users\amol.kumbhare\.m2\repository\org\seleniumhq\selenium\selenium-manager\4.7.0\selenium-manager-4.7.0.jar;C:\Users\amol.kumbhare\.m2\repository\org\seleniumhq\selenium\selenium-firefox-driver\4.7.0\selenium-firefox-driver-4.7.0.jar;C:\Users\amol.kumbhare\.m2\repository\org\seleniumhq\selenium\selenium-devtools-v85\4.7.0\selenium-devtools-v85-4.7.0.jar;C:\Users\amol.kumbhare\.m2\repository\org\seleniumhq\selenium\selenium-chrome-driver\4.7.0\selenium-chrome-driver-4.7.0.jar;C:\Users\amol.kumbhare\.m2\repository\org\seleniumhq\selenium\selenium-chromium-driver\4.7.0\selenium-chromium-driver-4.7.0.jar;C:\Users\amol.kumbhare\.m2\repository\org\seleniumhq\selenium\selenium-edge-driver\4.7.0\selenium-edge-driver-4.7.0.jar;C:\Users\amol.kumbhare\.m2\repository\io\appium\java-client\8.3.0\java-client-8.3.0.jar;C:\Users\amol.kumbhare\.m2\repository\cglib\cglib\3.3.0\cglib-3.3.0.jar;C:\Users\amol.kumbhare\.m2\repository\org\ow2\asm\asm\7.1\asm-7.1.jar;C:\Users\amol.kumbhare\.m2\repository\com\github\kklisura\cdt\cdt-java-client\4.0.0\cdt-java-client-4.0.0.jar;C:\Users\amol.kumbhare\.m2\repository\javax\websocket\javax.websocket-api\1.1\javax.websocket-api-1.1.jar;C:\Users\amol.kumbhare\.m2\repository\org\glassfish\tyrus\tyrus-container-grizzly-client\1.13.1\tyrus-container-grizzly-client-1.13.1.jar;C:\Users\amol.kumbhare\.m2\repository\org\glassfish\grizzly\grizzly-framework\2.3.25\grizzly-framework-2.3.25.jar;C:\Users\amol.kumbhare\.m2\repository\org\glassfish\grizzly\grizzly-http-server\2.3.25\grizzly-http-server-2.3.25.jar;C:\Users\amol.kumbhare\.m2\repository\org\glassfish\grizzly\grizzly-http\2.3.25\grizzly-http-2.3.25.jar;C:\Users\amol.kumbhare\.m2\repository\org\glassfish\tyrus\tyrus-client\1.13.1\tyrus-client-1.13.1.jar;C:\Users\amol.kumbhare\.m2\repository\org\glassfish\tyrus\tyrus-core\1.13.1\tyrus-core-1.13.1.jar;C:\Users\amol.kumbhare\.m2\repository\org\glassfish\tyrus\tyrus-spi\1.13.1\tyrus-spi-1.13.1.jar;C:\Users\amol.kumbhare\.m2\repository\org\apache\pdfbox\pdfbox\2.0.28\pdfbox-2.0.28.jar;C:\Users\amol.kumbhare\.m2\repository\org\apache\pdfbox\fontbox\2.0.28\fontbox-2.0.28.jar;C:\Users\amol.kumbhare\.m2\repository\ru\yandex\qatools\ashot\ashot\1.5.4\ashot-1.5.4.jar;C:\Users\amol.kumbhare\.m2\repository\joda-time\joda-time\2.9.9\joda-time-2.9.9.jar;C:\Users\amol.kumbhare\.m2\repository\com\itextpdf\itextpdf\5.5.13.3\itextpdf-5.5.13.3.jar;C:\Users\amol.kumbhare\.m2\repository\org\reflections\reflections\0.10.2\reflections-0.10.2.jar;C:\Users\amol.kumbhare\.m2\repository\com\sun\jersey\jersey-core\1.19.4\jersey-core-1.19.4.jar;C:\Users\amol.kumbhare\.m2\repository\javax\ws\rs\jsr311-api\1.1.1\jsr311-api-1.1.1.jar;C:\Users\amol.kumbhare\.m2\repository\commons-collections\commons-collections\3.2.2\commons-collections-3.2.2.jar;C:\Users\amol.kumbhare\.m2\repository\org\hamcrest\hamcrest-core\1.3\hamcrest-core-1.3.jar;C:\Users\amol.kumbhare\.m2\repository\org\hamcrest\hamcrest-all\1.3\hamcrest-all-1.3.jar;C:\Users\amol.kumbhare\.m2\repository\org\apache\logging\log4j\log4j-slf4j-impl\2.17.1\log4j-slf4j-impl-2.17.1.jar;C:\Users\amol.kumbhare\.m2\repository\com\nordstrom\tools\testng-foundation\2.0.1\testng-foundation-2.0.1.jar;C:\Users\amol.kumbhare\.m2\repository\com\nordstrom\tools\java-utils\1.9.3\java-utils-1.9.3.jar;C:\Users\amol.kumbhare\.m2\repository\com\nordstrom\tools\settings\2.3.3\settings-2.3.3.jar;C:\Users\amol.kumbhare\.m2\repository\commons-beanutils\commons-beanutils\1.9.4\commons-beanutils-1.9.4.jar;C:\Users\amol.kumbhare\.m2\repository\com\zebrunner\carina-dataprovider\1.1.3\carina-dataprovider-1.1.3.jar;C:\Users\amol.kumbhare\.m2\repository\com\zebrunner\carina-utils\1.1.5\carina-utils-1.1.5.jar;C:\Users\amol.kumbhare\.m2\repository\com\zebrunner\carina-crypto\1.0.1\carina-crypto-1.0.1.jar;C:\Users\amol.kumbhare\.m2\repository\commons-cli\commons-cli\1.5.0\commons-cli-1.5.0.jar;C:\Users\amol.kumbhare\.m2\repository\org\apache\commons\commons-lang3\3.12.0\commons-lang3-3.12.0.jar;C:\Users\amol.kumbhare\.m2\repository\com\sun\jna\jna\3.0.9\jna-3.0.9.jar;C:\Users\amol.kumbhare\.m2\repository\org\mongodb\mongo-java-driver\2.11.3\mongo-java-driver-2.11.3.jar;C:\Users\amol.kumbhare\.m2\repository\commons-net\commons-net\3.9.0\commons-net-3.9.0.jar;C:\Users\amol.kumbhare\.m2\repository\org\imgscalr\imgscalr-lib\4.2\imgscalr-lib-4.2.jar;C:\Users\amol.kumbhare\.m2\repository\net\sf\opencsv\opencsv\1.7\opencsv-1.7.jar;C:\Users\amol.kumbhare\.m2\repository\org\apache\poi\poi-ooxml\4.1.2\poi-ooxml-4.1.2.jar;C:\Users\amol.kumbhare\.m2\repository\org\apache\poi\poi\4.1.2\poi-4.1.2.jar;C:\Users\amol.kumbhare\.m2\repository\org\apache\commons\commons-collections4\4.4\commons-collections4-4.4.jar;C:\Users\amol.kumbhare\.m2\repository\org\apache\commons\commons-math3\3.6.1\commons-math3-3.6.1.jar;C:\Users\amol.kumbhare\.m2\repository\com\zaxxer\SparseBitSet\1.2\SparseBitSet-1.2.jar;C:\Users\amol.kumbhare\.m2\repository\org\apache\poi\poi-ooxml-schemas\4.1.2\poi-ooxml-schemas-4.1.2.jar;C:\Users\amol.kumbhare\.m2\repository\org\apache\xmlbeans\xmlbeans\3.1.0\xmlbeans-3.1.0.jar;C:\Users\amol.kumbhare\.m2\repository\org\apache\commons\commons-compress\1.19\commons-compress-1.19.jar;C:\Users\amol.kumbhare\.m2\repository\com\github\virtuald\curvesapi\1.06\curvesapi-1.06.jar;C:\Users\amol.kumbhare\.m2\repository\com\zebrunner\carina-api\1.1.3\carina-api-1.1.3.jar;C:\Users\amol.kumbhare\.m2\repository\org\apache\httpcomponents\httpclient\4.5.13\httpclient-4.5.13.jar;C:\Users\amol.kumbhare\.m2\repository\org\apache\httpcomponents\httpcore\4.4.13\httpcore-4.4.13.jar;C:\Users\amol.kumbhare\.m2\repository\commons-logging\commons-logging\1.2\commons-logging-1.2.jar;C:\Users\amol.kumbhare\.m2\repository\commons-codec\commons-codec\1.11\commons-codec-1.11.jar;C:\Users\amol.kumbhare\.m2\repository\commons-io\commons-io\2.7\commons-io-2.7.jar;C:\Users\amol.kumbhare\.m2\repository\io\rest-assured\rest-assured\4.3.0\rest-assured-4.3.0.jar;C:\Users\amol.kumbhare\.m2\repository\org\codehaus\groovy\groovy\3.0.2\groovy-3.0.2.jar;C:\Users\amol.kumbhare\.m2\repository\org\codehaus\groovy\groovy-xml\3.0.2\groovy-xml-3.0.2.jar;C:\Users\amol.kumbhare\.m2\repository\org\apache\httpcomponents\httpmime\4.5.3\httpmime-4.5.3.jar;C:\Users\amol.kumbhare\.m2\repository\org\hamcrest\hamcrest\2.1\hamcrest-2.1.jar;C:\Users\amol.kumbhare\.m2\repository\org\ccil\cowan\tagsoup\tagsoup\1.2.1\tagsoup-1.2.1.jar;C:\Users\amol.kumbhare\.m2\repository\io\rest-assured\xml-path\4.3.0\xml-path-4.3.0.jar;C:\Users\amol.kumbhare\.m2\repository\jakarta\xml\bind\jakarta.xml.bind-api\2.3.2\jakarta.xml.bind-api-2.3.2.jar;C:\Users\amol.kumbhare\.m2\repository\jakarta\activation\jakarta.activation-api\1.2.1\jakarta.activation-api-1.2.1.jar;C:\Users\amol.kumbhare\.m2\repository\com\sun\xml\bind\jaxb-osgi\2.3.0.1\jaxb-osgi-2.3.0.1.jar;C:\Users\amol.kumbhare\.m2\repository\org\apache\sling\org.apache.sling.javax.activation\0.1.0\org.apache.sling.javax.activation-0.1.0.jar;C:\Users\amol.kumbhare\.m2\repository\io\rest-assured\json-path\4.3.0\json-path-4.3.0.jar;C:\Users\amol.kumbhare\.m2\repository\org\codehaus\groovy\groovy-json\3.0.2\groovy-json-3.0.2.jar;C:\Users\amol.kumbhare\.m2\repository\io\rest-assured\rest-assured-common\4.3.0\rest-assured-common-4.3.0.jar;C:\Users\amol.kumbhare\.m2\repository\com\google\code\gson\gson\2.9.0\gson-2.9.0.jar;C:\Users\amol.kumbhare\.m2\repository\javax\xml\bind\jaxb-api\2.2.2\jaxb-api-2.2.2.jar;C:\Users\amol.kumbhare\.m2\repository\javax\xml\stream\stax-api\1.0-2\stax-api-1.0-2.jar;C:\Users\amol.kumbhare\.m2\repository\javax\activation\activation\1.1\activation-1.1.jar;C:\Users\amol.kumbhare\.m2\repository\com\fasterxml\jackson\core\jackson-core\2.14.1\jackson-core-2.14.1.jar;C:\Users\amol.kumbhare\.m2\repository\com\fasterxml\jackson\core\jackson-databind\2.14.1\jackson-databind-2.14.1.jar;C:\Users\amol.kumbhare\.m2\repository\com\fasterxml\jackson\core\jackson-annotations\2.14.1\jackson-annotations-2.14.1.jar;C:\Users\amol.kumbhare\.m2\repository\org\apache\commons\commons-configuration2\2.8.0\commons-configuration2-2.8.0.jar;C:\Users\amol.kumbhare\.m2\repository\org\apache\commons\commons-text\1.10.0\commons-text-1.10.0.jar;C:\Users\amol.kumbhare\.m2\repository\org\freemarker\freemarker\2.3.31\freemarker-2.3.31.jar;C:\Users\amol.kumbhare\.m2\repository\org\skyscreamer\jsonassert\1.5.0\jsonassert-1.5.0.jar;C:\Users\amol.kumbhare\.m2\repository\ognl\ognl\3.3.2\ognl-3.3.2.jar;C:\Users\amol.kumbhare\.m2\repository\org\javassist\javassist\3.28.0-GA\javassist-3.28.0-GA.jar;C:\Users\amol.kumbhare\.m2\repository\org\xmlunit\xmlunit-assertj3\2.8.2\xmlunit-assertj3-2.8.2.jar;C:\Users\amol.kumbhare\.m2\repository\org\xmlunit\xmlunit-core\2.8.2\xmlunit-core-2.8.2.jar;C:\Users\amol.kumbhare\.m2\repository\org\assertj\assertj-core\3.18.1\assertj-core-3.18.1.jar;C:\Users\amol.kumbhare\.m2\repository\io\rest-assured\json-schema-validator\4.3.0\json-schema-validator-4.3.0.jar;C:\Users\amol.kumbhare\.m2\repository\com\github\java-json-tools\json-schema-validator\2.2.10\json-schema-validator-2.2.10.jar;C:\Users\amol.kumbhare\.m2\repository\com\github\java-json-tools\json-schema-core\1.2.10\json-schema-core-1.2.10.jar;C:\Users\amol.kumbhare\.m2\repository\com\github\java-json-tools\jackson-coreutils\1.9\jackson-coreutils-1.9.jar;C:\Users\amol.kumbhare\.m2\repository\com\github\fge\msg-simple\1.1\msg-simple-1.1.jar;C:\Users\amol.kumbhare\.m2\repository\com\github\fge\btf\1.2\btf-1.2.jar;C:\Users\amol.kumbhare\.m2\repository\com\github\fge\uri-template\0.9\uri-template-0.9.jar;C:\Users\amol.kumbhare\.m2\repository\org\mozilla\rhino\1.7.7.1\rhino-1.7.7.1.jar;C:\Users\amol.kumbhare\.m2\repository\javax\mail\mailapi\1.4.3\mailapi-1.4.3.jar;C:\Users\amol.kumbhare\.m2\repository\com\googlecode\libphonenumber\libphonenumber\8.0.0\libphonenumber-8.0.0.jar;C:\Users\amol.kumbhare\.m2\repository\net\sf\jopt-simple\jopt-simple\5.0.3\jopt-simple-5.0.3.jar;C:\Users\amol.kumbhare\.m2\repository\org\everit\json\org.everit.json.schema\1.5.1\org.everit.json.schema-1.5.1.jar;C:\Users\amol.kumbhare\.m2\repository\commons-validator\commons-validator\1.5.1\commons-validator-1.5.1.jar;C:\Users\amol.kumbhare\.m2\repository\commons-digester\commons-digester\1.8.1\commons-digester-1.8.1.jar;C:\Users\amol.kumbhare\.m2\repository\org\json\json\20160810\json-20160810.jar;C:\Users\amol.kumbhare\.m2\repository\com\jayway\jsonpath\json-path\2.5.0\json-path-2.5.0.jar;C:\Users\amol.kumbhare\.m2\repository\net\minidev\json-smart\2.3\json-smart-2.3.jar;C:\Users\amol.kumbhare\.m2\repository\net\minidev\accessors-smart\1.2\accessors-smart-1.2.jar;C:\Users\amol.kumbhare\.m2\repository\com\zebrunner\carina-aws-s3\1.1.4\carina-aws-s3-1.1.4.jar;C:\Users\amol.kumbhare\.m2\repository\com\zebrunner\carina-commons\1.0.2\carina-commons-1.0.2.jar;C:\Users\amol.kumbhare\.m2\repository\com\amazonaws\aws-java-sdk-s3\1.12.429\aws-java-sdk-s3-1.12.429.jar;C:\Users\amol.kumbhare\.m2\repository\com\amazonaws\aws-java-sdk-core\1.12.429\aws-java-sdk-core-1.12.429.jar;C:\Users\amol.kumbhare\.m2\repository\software\amazon\ion\ion-java\1.0.2\ion-java-1.0.2.jar;C:\Users\amol.kumbhare\.m2\repository\com\fasterxml\jackson\dataformat\jackson-dataformat-cbor\2.12.6\jackson-dataformat-cbor-2.12.6.jar;C:\Users\amol.kumbhare\.m2\repository\com\zebrunner\carina-azure\1.1.4\carina-azure-1.1.4.jar;C:\Users\amol.kumbhare\.m2\repository\com\azure\azure-storage-blob\12.21.1\azure-storage-blob-12.21.1.jar;C:\Users\amol.kumbhare\.m2\repository\com\azure\azure-core\1.37.0\azure-core-1.37.0.jar;C:\Users\amol.kumbhare\.m2\repository\io\projectreactor\reactor-core\3.4.27\reactor-core-3.4.27.jar;C:\Users\amol.kumbhare\.m2\repository\com\azure\azure-core-http-netty\1.13.1\azure-core-http-netty-1.13.1.jar;C:\Users\amol.kumbhare\.m2\repository\io\netty\netty-handler\4.1.89.Final\netty-handler-4.1.89.Final.jar;C:\Users\amol.kumbhare\.m2\repository\io\netty\netty-handler-proxy\4.1.89.Final\netty-handler-proxy-4.1.89.Final.jar;C:\Users\amol.kumbhare\.m2\repository\io\netty\netty-codec\4.1.89.Final\netty-codec-4.1.89.Final.jar;C:\Users\amol.kumbhare\.m2\repository\io\netty\netty-codec-http2\4.1.89.Final\netty-codec-http2-4.1.89.Final.jar;C:\Users\amol.kumbhare\.m2\repository\io\netty\netty-transport-native-epoll\4.1.89.Final\netty-transport-native-epoll-4.1.89.Final-linux-x86_64.jar;C:\Users\amol.kumbhare\.m2\repository\io\netty\netty-transport-native-kqueue\4.1.89.Final\netty-transport-native-kqueue-4.1.89.Final-osx-x86_64.jar;C:\Users\amol.kumbhare\.m2\repository\io\netty\netty-tcnative-boringssl-static\2.0.56.Final\netty-tcnative-boringssl-static-2.0.56.Final.jar;C:\Users\amol.kumbhare\.m2\repository\io\netty\netty-tcnative-classes\2.0.56.Final\netty-tcnative-classes-2.0.56.Final.jar;C:\Users\amol.kumbhare\.m2\repository\io\netty\netty-tcnative-boringssl-static\2.0.56.Final\netty-tcnative-boringssl-static-2.0.56.Final-linux-x86_64.jar;C:\Users\amol.kumbhare\.m2\repository\io\netty\netty-tcnative-boringssl-static\2.0.56.Final\netty-tcnative-boringssl-static-2.0.56.Final-linux-aarch_64.jar;C:\Users\amol.kumbhare\.m2\repository\io\netty\netty-tcnative-boringssl-static\2.0.56.Final\netty-tcnative-boringssl-static-2.0.56.Final-osx-x86_64.jar;C:\Users\amol.kumbhare\.m2\repository\io\netty\netty-tcnative-boringssl-static\2.0.56.Final\netty-tcnative-boringssl-static-2.0.56.Final-osx-aarch_64.jar;C:\Users\amol.kumbhare\.m2\repository\io\netty\netty-tcnative-boringssl-static\2.0.56.Final\netty-tcnative-boringssl-static-2.0.56.Final-windows-x86_64.jar;C:\Users\amol.kumbhare\.m2\repository\io\projectreactor\netty\reactor-netty-http\1.0.28\reactor-netty-http-1.0.28.jar;C:\Users\amol.kumbhare\.m2\repository\io\netty\netty-resolver-dns\4.1.89.Final\netty-resolver-dns-4.1.89.Final.jar;C:\Users\amol.kumbhare\.m2\repository\io\netty\netty-codec-dns\4.1.89.Final\netty-codec-dns-4.1.89.Final.jar;C:\Users\amol.kumbhare\.m2\repository\io\netty\netty-resolver-dns-native-macos\4.1.89.Final\netty-resolver-dns-native-macos-4.1.89.Final-osx-x86_64.jar;C:\Users\amol.kumbhare\.m2\repository\io\netty\netty-resolver-dns-classes-macos\4.1.89.Final\netty-resolver-dns-classes-macos-4.1.89.Final.jar;C:\Users\amol.kumbhare\.m2\repository\io\projectreactor\netty\reactor-netty-core\1.0.28\reactor-netty-core-1.0.28.jar;C:\Users\amol.kumbhare\.m2\repository\com\azure\azure-storage-common\12.20.1\azure-storage-common-12.20.1.jar;C:\Users\amol.kumbhare\.m2\repository\com\azure\azure-storage-internal-avro\12.6.1\azure-storage-internal-avro-12.6.1.jar;C:\Users\amol.kumbhare\.m2\repository\com\fasterxml\jackson\dataformat\jackson-dataformat-xml\2.13.5\jackson-dataformat-xml-2.13.5.jar;C:\Users\amol.kumbhare\.m2\repository\org\codehaus\woodstox\stax2-api\4.2.1\stax2-api-4.2.1.jar;C:\Users\amol.kumbhare\.m2\repository\com\fasterxml\woodstox\woodstox-core\6.4.0\woodstox-core-6.4.0.jar;C:\Users\amol.kumbhare\.m2\repository\com\zebrunner\carina-appcenter\1.1.4\carina-appcenter-1.1.4.jar;C:\Users\amol.kumbhare\.m2\repository\org\springframework\spring-web\5.3.19\spring-web-5.3.19.jar;C:\Users\amol.kumbhare\.m2\repository\org\springframework\spring-beans\5.3.19\spring-beans-5.3.19.jar;C:\Users\amol.kumbhare\.m2\repository\org\springframework\spring-core\5.3.19\spring-core-5.3.19.jar;C:\Users\amol.kumbhare\.m2\repository\org\springframework\spring-jcl\5.3.19\spring-jcl-5.3.19.jar;C:\Users\amol.kumbhare\.m2\repository\com\google\guava\guava\31.1-jre\guava-31.1-jre.jar;C:\Users\amol.kumbhare\.m2\repository\com\google\guava\failureaccess\1.0.1\failureaccess-1.0.1.jar;C:\Users\amol.kumbhare\.m2\repository\com\google\guava\listenablefuture\9999.0-empty-to-avoid-conflict-with-guava\listenablefuture-9999.0-empty-to-avoid-conflict-with-guava.jar;C:\Users\amol.kumbhare\.m2\repository\com\google\code\findbugs\jsr305\3.0.2\jsr305-3.0.2.jar;C:\Users\amol.kumbhare\.m2\repository\com\google\errorprone\error_prone_annotations\2.11.0\error_prone_annotations-2.11.0.jar;C:\Users\amol.kumbhare\.m2\repository\com\google\j2objc\j2objc-annotations\1.3\j2objc-annotations-1.3.jar;C:\Users\amol.kumbhare\.m2\repository\org\slf4j\slf4j-api\1.7.30\slf4j-api-1.7.30.jar;C:\Users\amol.kumbhare\.m2\repository\org\apache\logging\log4j\log4j-api\2.17.1\log4j-api-2.17.1.jar;C:\Users\amol.kumbhare\.m2\repository\org\apache\logging\log4j\log4j-core\2.17.1\log4j-core-2.17.1.jar;C:\Users\amol.kumbhare\.m2\repository\net\bytebuddy\byte-buddy\1.12.18\byte-buddy-1.12.18.jar;C:\Users\amol.kumbhare\.m2\repository\org\mybatis\mybatis\3.5.6\mybatis-3.5.6.jar;C:\Users\amol.kumbhare\.m2\repository\org\postgresql\postgresql\42.5.3\postgresql-42.5.3.jar;C:\Users\amol.kumbhare\.m2\repository\org\checkerframework\checker-qual\3.5.0\checker-qual-3.5.0.jar;C:\Users\amol.kumbhare\.m2\repository\com\zebrunner\carina-cucumber\1.2.7\carina-cucumber-1.2.7.jar;C:\Users\amol.kumbhare\.m2\repository\net\masterthought\cucumber-reporting\5.7.8\cucumber-reporting-5.7.8.jar;C:\Users\amol.kumbhare\.m2\repository\com\fasterxml\jackson\datatype\jackson-datatype-jsr310\2.16.0\jackson-datatype-jsr310-2.16.0.jar;C:\Users\amol.kumbhare\.m2\repository\org\apache\velocity\velocity-engine-core\2.3\velocity-engine-core-2.3.jar;C:\Users\amol.kumbhare\.m2\repository\org\codehaus\plexus\plexus-utils\3.5.1\plexus-utils-3.5.1.jar;C:\Users\amol.kumbhare\.m2\repository\org\jsoup\jsoup\1.17.1\jsoup-1.17.1.jar;C:\Users\amol.kumbhare\.m2\repository\com\googlecode\owasp-java-html-sanitizer\owasp-java-html-sanitizer\20220608.1\owasp-java-html-sanitizer-20220608.1.jar;C:\Users\amol.kumbhare\.m2\repository\commons-configuration\commons-configuration\1.10\commons-configuration-1.10.jar;C:\Users\amol.kumbhare\.m2\repository\commons-lang\commons-lang\2.6\commons-lang-2.6.jar;C:\Users\amol.kumbhare\.m2\repository\com\aventstack\extentreports\5.0.9\extentreports-5.0.9.jar;C:\Users\amol.kumbhare\.m2\repository\io\reactivex\rxjava3\rxjava\3.0.4\rxjava-3.0.4.jar;C:\Users\amol.kumbhare\.m2\repository\org\reactivestreams\reactive-streams\1.0.3\reactive-streams-1.0.3.jar;C:\Users\amol.kumbhare\.m2\repository\org\testng\testng\7.9.0\testng-7.9.0.jar;C:\Users\amol.kumbhare\.m2\repository\com\beust\jcommander\1.82\jcommander-1.82.jar;C:\Users\amol.kumbhare\.m2\repository\org\webjars\jquery\3.7.1\jquery-3.7.1.jar;C:\Users\amol.kumbhare\.m2\repository\org\projectlombok\lombok\1.18.28\lombok-1.18.28.jar;C:\Users\amol.kumbhare\.m2\repository\io\cucumber\cucumber-testng\7.15.0\cucumber-testng-7.15.0.jar;C:\Users\amol.kumbhare\.m2\repository\org\apiguardian\apiguardian-api\1.1.2\apiguardian-api-1.1.2.jar;C:\Users\amol.kumbhare\.m2\repository\io\cucumber\cucumber-core\7.15.0\cucumber-core-7.15.0.jar;C:\Users\amol.kumbhare\.m2\repository\io\cucumber\cucumber-gherkin\7.15.0\cucumber-gherkin-7.15.0.jar;C:\Users\amol.kumbhare\.m2\repository\io\cucumber\cucumber-gherkin-messages\7.15.0\cucumber-gherkin-messages-7.15.0.jar;C:\Users\amol.kumbhare\.m2\repository\io\cucumber\gherkin\26.2.0\gherkin-26.2.0.jar;C:\Users\amol.kumbhare\.m2\repository\io\cucumber\messages\22.0.0\messages-22.0.0.jar;C:\Users\amol.kumbhare\.m2\repository\io\cucumber\tag-expressions\6.0.0\tag-expressions-6.0.0.jar;C:\Users\amol.kumbhare\.m2\repository\io\cucumber\cucumber-expressions\17.0.1\cucumber-expressions-17.0.1.jar;C:\Users\amol.kumbhare\.m2\repository\io\cucumber\datatable\7.15.0\datatable-7.15.0.jar;C:\Users\amol.kumbhare\.m2\repository\io\cucumber\cucumber-plugin\7.15.0\cucumber-plugin-7.15.0.jar;C:\Users\amol.kumbhare\.m2\repository\io\cucumber\docstring\7.15.0\docstring-7.15.0.jar;C:\Users\amol.kumbhare\.m2\repository\io\cucumber\html-formatter\20.4.0\html-formatter-20.4.0.jar;C:\Users\amol.kumbhare\.m2\repository\io\cucumber\junit-xml-formatter\0.2.0\junit-xml-formatter-0.2.0.jar;C:\Users\amol.kumbhare\.m2\repository\io\cucumber\ci-environment\10.0.0\ci-environment-10.0.0.jar;C:\Users\amol.kumbhare\.m2\repository\io\cucumber\cucumber-java\7.15.0\cucumber-java-7.15.0.jar;C:\Users\amol.kumbhare\.m2\repository\tech\grasshopper\extentreports-cucumber7-adapter\1.14.0\extentreports-cucumber7-adapter-1.14.0.jar;C:\Users\amol.kumbhare\.m2\repository\tech\grasshopper\extent-pdf-report\2.12.0\extent-pdf-report-2.12.0.jar;C:\Users\amol.kumbhare\.m2\repository\tech\grasshopper\cucumber-pdf-report\2.14.0\cucumber-pdf-report-2.14.0.jar;C:\Users\amol.kumbhare\.m2\repository\org\knowm\xchart\xchart\3.8.0\xchart-3.8.0.jar;C:\Users\amol.kumbhare\.m2\repository\de\erichseifert\vectorgraphics2d\VectorGraphics2D\0.13\VectorGraphics2D-0.13.jar;C:\Users\amol.kumbhare\.m2\repository\de\rototor\pdfbox\graphics2d\0.30\graphics2d-0.30.jar;C:\Users\amol.kumbhare\.m2\repository\com\madgag\animated-gif-lib\1.4\animated-gif-lib-1.4.jar;C:\Users\amol.kumbhare\.m2\repository\org\yaml\snakeyaml\2.0\snakeyaml-2.0.jar;C:\Users\amol.kumbhare\.m2\repository\tech\grasshopper\table-layout\1.5.1\table-layout-1.5.1.jar;C:\Users\amol.kumbhare\.m2\repository\tech\grasshopper\rest-assured-cucumber-pdf-report\1.5.0\rest-assured-cucumber-pdf-report-1.5.0.jar;C:\Users\amol.kumbhare\.m2\repository\com\aventstack\klov-reporter\5.1.0\klov-reporter-5.1.0.jar;C:\Users\amol.kumbhare\.m2\repository\org\mongodb\bson\3.6.4\bson-3.6.4.jar;C:\Users\amol.kumbhare\.m2\repository\tech\grasshopper\htmlextentreporter\1.1.0\htmlextentreporter-1.1.0.jar;C:\Users\amol.kumbhare\.m2\repository\tech\grasshopper\extent-excel-report\1.4.0\extent-excel-report-1.4.0.jar;C:\Users\amol.kumbhare\.m2\repository\com\vimalselvam\cucumber-extentsreport\3.0.2\cucumber-extentsreport-3.0.2.jar;C:\Users\amol.kumbhare\.m2\repository\com\aventstack\extentreports-testng-adapter\1.2.2\extentreports-testng-adapter-1.2.2.jar;C:\Users\amol.kumbhare\.m2\repository\org\mongodb\mongodb-driver\3.3.0\mongodb-driver-3.3.0.jar;C:\Users\amol.kumbhare\.m2\repository\org\mongodb\mongodb-driver-core\3.3.0\mongodb-driver-core-3.3.0.jar;C:\Users\amol.kumbhare\.m2\repository\org\apache\maven\surefire\surefire-testng\3.1.0\surefire-testng-3.1.0.jar;C:\Users\amol.kumbhare\.m2\repository\org\apache\maven\surefire\common-java5\3.1.0\common-java5-3.1.0.jar;C:\Users\amol.kumbhare\.m2\repository\org\apache\maven\surefire\surefire-grouper\3.1.0\surefire-grouper-3.1.0.jar;C:\Users\amol.kumbhare\.m2\repository\org\apache\maven\surefire\surefire-testng-utils\3.1.0\surefire-testng-utils-3.1.0.jar"/>
    <property name="java.vm.vendor" value="Oracle Corporation"/>
    <property name="sun.arch.data.model" value="64"/>
    <property name="user.variant" value=""/>
    <property name="java.vendor.url" value="https://java.oracle.com/"/>
    <property name="user.timezone" value="Asia/Calcutta"/>
    <property name="os.name" value="Windows 10"/>
    <property name="java.vm.specification.version" value="21"/>
    <property name="reporting.enabled" value="true"/>
    <property name="sun.java.launcher" value="SUN_STANDARD"/>
    <property name="user.country" value="IN"/>
    <property name="sun.boot.library.path" value="C:\Program Files\Java\jdk-21\bin"/>
    <property name="sun.java.command" value="org.apache.maven.surefire.booter.ForkedBooter C:\Users\amol.kumbhare\AppData\Local\Temp\surefire17998863116718696082 2024-03-10T00-37-44_296-jvmRun1 surefire-20240310003744506_1tmp surefire_0-20240310003744506_2tmp"/>
    <property name="jdk.debug" value="release"/>
    <property name="surefire.test.class.path" value="C:\Carina\project-qa\target\test-classes;C:\Carina\project-qa\target\classes;C:\Users\amol.kumbhare\.m2\repository\com\zebrunner\carina-core\1.1.3\carina-core-1.1.3.jar;C:\Users\amol.kumbhare\.m2\repository\com\zebrunner\carina-webdriver\1.1.5\carina-webdriver-1.1.5.jar;C:\Users\amol.kumbhare\.m2\repository\com\zebrunner\agent-testng-pluggable\1.9.6\agent-testng-pluggable-1.9.6.jar;C:\Users\amol.kumbhare\.m2\repository\com\zebrunner\agent-core\1.9.6\agent-core-1.9.6.jar;C:\Users\amol.kumbhare\.m2\repository\com\konghq\unirest-java\3.13.10\unirest-java-3.13.10.jar;C:\Users\amol.kumbhare\.m2\repository\org\apache\httpcomponents\httpcore-nio\4.4.13\httpcore-nio-4.4.13.jar;C:\Users\amol.kumbhare\.m2\repository\org\apache\httpcomponents\httpasyncclient\4.1.5\httpasyncclient-4.1.5.jar;C:\Users\amol.kumbhare\.m2\repository\org\seleniumhq\selenium\selenium-support\4.7.0\selenium-support-4.7.0.jar;C:\Users\amol.kumbhare\.m2\repository\com\google\auto\service\auto-service-annotations\1.0.1\auto-service-annotations-1.0.1.jar;C:\Users\amol.kumbhare\.m2\repository\com\google\auto\service\auto-service\1.0.1\auto-service-1.0.1.jar;C:\Users\amol.kumbhare\.m2\repository\com\google\auto\auto-common\1.2\auto-common-1.2.jar;C:\Users\amol.kumbhare\.m2\repository\org\seleniumhq\selenium\selenium-json\4.7.0\selenium-json-4.7.0.jar;C:\Users\amol.kumbhare\.m2\repository\org\seleniumhq\selenium\selenium-api\4.7.0\selenium-api-4.7.0.jar;C:\Users\amol.kumbhare\.m2\repository\org\seleniumhq\selenium\selenium-remote-driver\4.7.0\selenium-remote-driver-4.7.0.jar;C:\Users\amol.kumbhare\.m2\repository\io\netty\netty-buffer\4.1.84.Final\netty-buffer-4.1.84.Final.jar;C:\Users\amol.kumbhare\.m2\repository\io\netty\netty-codec-http\4.1.84.Final\netty-codec-http-4.1.84.Final.jar;C:\Users\amol.kumbhare\.m2\repository\io\netty\netty-common\4.1.84.Final\netty-common-4.1.84.Final.jar;C:\Users\amol.kumbhare\.m2\repository\io\netty\netty-transport-classes-epoll\4.1.84.Final\netty-transport-classes-epoll-4.1.84.Final.jar;C:\Users\amol.kumbhare\.m2\repository\io\netty\netty-transport-classes-kqueue\4.1.84.Final\netty-transport-classes-kqueue-4.1.84.Final.jar;C:\Users\amol.kumbhare\.m2\repository\io\netty\netty-transport-native-epoll\4.1.84.Final\netty-transport-native-epoll-4.1.84.Final.jar;C:\Users\amol.kumbhare\.m2\repository\io\netty\netty-transport-native-kqueue\4.1.84.Final\netty-transport-native-kqueue-4.1.84.Final.jar;C:\Users\amol.kumbhare\.m2\repository\io\netty\netty-transport-native-unix-common\4.1.84.Final\netty-transport-native-unix-common-4.1.84.Final.jar;C:\Users\amol.kumbhare\.m2\repository\io\netty\netty-transport\4.1.84.Final\netty-transport-4.1.84.Final.jar;C:\Users\amol.kumbhare\.m2\repository\io\netty\netty-resolver\4.1.84.Final\netty-resolver-4.1.84.Final.jar;C:\Users\amol.kumbhare\.m2\repository\io\opentelemetry\opentelemetry-api\1.19.0\opentelemetry-api-1.19.0.jar;C:\Users\amol.kumbhare\.m2\repository\io\opentelemetry\opentelemetry-context\1.19.0\opentelemetry-context-1.19.0.jar;C:\Users\amol.kumbhare\.m2\repository\io\opentelemetry\opentelemetry-exporter-logging\1.19.0\opentelemetry-exporter-logging-1.19.0.jar;C:\Users\amol.kumbhare\.m2\repository\io\opentelemetry\opentelemetry-sdk-metrics\1.19.0\opentelemetry-sdk-metrics-1.19.0.jar;C:\Users\amol.kumbhare\.m2\repository\io\opentelemetry\opentelemetry-sdk-logs\1.19.0-alpha\opentelemetry-sdk-logs-1.19.0-alpha.jar;C:\Users\amol.kumbhare\.m2\repository\io\opentelemetry\opentelemetry-api-logs\1.19.0-alpha\opentelemetry-api-logs-1.19.0-alpha.jar;C:\Users\amol.kumbhare\.m2\repository\io\opentelemetry\opentelemetry-sdk-common\1.19.0\opentelemetry-sdk-common-1.19.0.jar;C:\Users\amol.kumbhare\.m2\repository\io\opentelemetry\opentelemetry-sdk-extension-autoconfigure-spi\1.19.0\opentelemetry-sdk-extension-autoconfigure-spi-1.19.0.jar;C:\Users\amol.kumbhare\.m2\repository\io\opentelemetry\opentelemetry-sdk-extension-autoconfigure\1.19.0-alpha\opentelemetry-sdk-extension-autoconfigure-1.19.0-alpha.jar;C:\Users\amol.kumbhare\.m2\repository\io\opentelemetry\opentelemetry-exporter-common\1.19.0\opentelemetry-exporter-common-1.19.0.jar;C:\Users\amol.kumbhare\.m2\repository\io\opentelemetry\opentelemetry-sdk-trace\1.19.0\opentelemetry-sdk-trace-1.19.0.jar;C:\Users\amol.kumbhare\.m2\repository\io\opentelemetry\opentelemetry-sdk\1.19.0\opentelemetry-sdk-1.19.0.jar;C:\Users\amol.kumbhare\.m2\repository\io\opentelemetry\opentelemetry-semconv\1.19.0-alpha\opentelemetry-semconv-1.19.0-alpha.jar;C:\Users\amol.kumbhare\.m2\repository\io\ous\jtoml\2.0.0\jtoml-2.0.0.jar;C:\Users\amol.kumbhare\.m2\repository\org\apache\commons\commons-exec\1.3\commons-exec-1.3.jar;C:\Users\amol.kumbhare\.m2\repository\org\asynchttpclient\async-http-client\2.12.3\async-http-client-2.12.3.jar;C:\Users\amol.kumbhare\.m2\repository\org\asynchttpclient\async-http-client-netty-utils\2.12.3\async-http-client-netty-utils-2.12.3.jar;C:\Users\amol.kumbhare\.m2\repository\io\netty\netty-codec-socks\4.1.60.Final\netty-codec-socks-4.1.60.Final.jar;C:\Users\amol.kumbhare\.m2\repository\com\typesafe\netty\netty-reactive-streams\2.0.4\netty-reactive-streams-2.0.4.jar;C:\Users\amol.kumbhare\.m2\repository\com\sun\activation\jakarta.activation\1.2.2\jakarta.activation-1.2.2.jar;C:\Users\amol.kumbhare\.m2\repository\org\seleniumhq\selenium\selenium-http\4.7.0\selenium-http-4.7.0.jar;C:\Users\amol.kumbhare\.m2\repository\dev\failsafe\failsafe\3.3.0\failsafe-3.3.0.jar;C:\Users\amol.kumbhare\.m2\repository\org\seleniumhq\selenium\selenium-manager\4.7.0\selenium-manager-4.7.0.jar;C:\Users\amol.kumbhare\.m2\repository\org\seleniumhq\selenium\selenium-firefox-driver\4.7.0\selenium-firefox-driver-4.7.0.jar;C:\Users\amol.kumbhare\.m2\repository\org\seleniumhq\selenium\selenium-devtools-v85\4.7.0\selenium-devtools-v85-4.7.0.jar;C:\Users\amol.kumbhare\.m2\repository\org\seleniumhq\selenium\selenium-chrome-driver\4.7.0\selenium-chrome-driver-4.7.0.jar;C:\Users\amol.kumbhare\.m2\repository\org\seleniumhq\selenium\selenium-chromium-driver\4.7.0\selenium-chromium-driver-4.7.0.jar;C:\Users\amol.kumbhare\.m2\repository\org\seleniumhq\selenium\selenium-edge-driver\4.7.0\selenium-edge-driver-4.7.0.jar;C:\Users\amol.kumbhare\.m2\repository\io\appium\java-client\8.3.0\java-client-8.3.0.jar;C:\Users\amol.kumbhare\.m2\repository\cglib\cglib\3.3.0\cglib-3.3.0.jar;C:\Users\amol.kumbhare\.m2\repository\org\ow2\asm\asm\7.1\asm-7.1.jar;C:\Users\amol.kumbhare\.m2\repository\com\github\kklisura\cdt\cdt-java-client\4.0.0\cdt-java-client-4.0.0.jar;C:\Users\amol.kumbhare\.m2\repository\javax\websocket\javax.websocket-api\1.1\javax.websocket-api-1.1.jar;C:\Users\amol.kumbhare\.m2\repository\org\glassfish\tyrus\tyrus-container-grizzly-client\1.13.1\tyrus-container-grizzly-client-1.13.1.jar;C:\Users\amol.kumbhare\.m2\repository\org\glassfish\grizzly\grizzly-framework\2.3.25\grizzly-framework-2.3.25.jar;C:\Users\amol.kumbhare\.m2\repository\org\glassfish\grizzly\grizzly-http-server\2.3.25\grizzly-http-server-2.3.25.jar;C:\Users\amol.kumbhare\.m2\repository\org\glassfish\grizzly\grizzly-http\2.3.25\grizzly-http-2.3.25.jar;C:\Users\amol.kumbhare\.m2\repository\org\glassfish\tyrus\tyrus-client\1.13.1\tyrus-client-1.13.1.jar;C:\Users\amol.kumbhare\.m2\repository\org\glassfish\tyrus\tyrus-core\1.13.1\tyrus-core-1.13.1.jar;C:\Users\amol.kumbhare\.m2\repository\org\glassfish\tyrus\tyrus-spi\1.13.1\tyrus-spi-1.13.1.jar;C:\Users\amol.kumbhare\.m2\repository\org\apache\pdfbox\pdfbox\2.0.28\pdfbox-2.0.28.jar;C:\Users\amol.kumbhare\.m2\repository\org\apache\pdfbox\fontbox\2.0.28\fontbox-2.0.28.jar;C:\Users\amol.kumbhare\.m2\repository\ru\yandex\qatools\ashot\ashot\1.5.4\ashot-1.5.4.jar;C:\Users\amol.kumbhare\.m2\repository\joda-time\joda-time\2.9.9\joda-time-2.9.9.jar;C:\Users\amol.kumbhare\.m2\repository\com\itextpdf\itextpdf\5.5.13.3\itextpdf-5.5.13.3.jar;C:\Users\amol.kumbhare\.m2\repository\org\reflections\reflections\0.10.2\reflections-0.10.2.jar;C:\Users\amol.kumbhare\.m2\repository\com\sun\jersey\jersey-core\1.19.4\jersey-core-1.19.4.jar;C:\Users\amol.kumbhare\.m2\repository\javax\ws\rs\jsr311-api\1.1.1\jsr311-api-1.1.1.jar;C:\Users\amol.kumbhare\.m2\repository\commons-collections\commons-collections\3.2.2\commons-collections-3.2.2.jar;C:\Users\amol.kumbhare\.m2\repository\org\hamcrest\hamcrest-core\1.3\hamcrest-core-1.3.jar;C:\Users\amol.kumbhare\.m2\repository\org\hamcrest\hamcrest-all\1.3\hamcrest-all-1.3.jar;C:\Users\amol.kumbhare\.m2\repository\org\apache\logging\log4j\log4j-slf4j-impl\2.17.1\log4j-slf4j-impl-2.17.1.jar;C:\Users\amol.kumbhare\.m2\repository\com\nordstrom\tools\testng-foundation\2.0.1\testng-foundation-2.0.1.jar;C:\Users\amol.kumbhare\.m2\repository\com\nordstrom\tools\java-utils\1.9.3\java-utils-1.9.3.jar;C:\Users\amol.kumbhare\.m2\repository\com\nordstrom\tools\settings\2.3.3\settings-2.3.3.jar;C:\Users\amol.kumbhare\.m2\repository\commons-beanutils\commons-beanutils\1.9.4\commons-beanutils-1.9.4.jar;C:\Users\amol.kumbhare\.m2\repository\com\zebrunner\carina-dataprovider\1.1.3\carina-dataprovider-1.1.3.jar;C:\Users\amol.kumbhare\.m2\repository\com\zebrunner\carina-utils\1.1.5\carina-utils-1.1.5.jar;C:\Users\amol.kumbhare\.m2\repository\com\zebrunner\carina-crypto\1.0.1\carina-crypto-1.0.1.jar;C:\Users\amol.kumbhare\.m2\repository\commons-cli\commons-cli\1.5.0\commons-cli-1.5.0.jar;C:\Users\amol.kumbhare\.m2\repository\org\apache\commons\commons-lang3\3.12.0\commons-lang3-3.12.0.jar;C:\Users\amol.kumbhare\.m2\repository\com\sun\jna\jna\3.0.9\jna-3.0.9.jar;C:\Users\amol.kumbhare\.m2\repository\org\mongodb\mongo-java-driver\2.11.3\mongo-java-driver-2.11.3.jar;C:\Users\amol.kumbhare\.m2\repository\commons-net\commons-net\3.9.0\commons-net-3.9.0.jar;C:\Users\amol.kumbhare\.m2\repository\org\imgscalr\imgscalr-lib\4.2\imgscalr-lib-4.2.jar;C:\Users\amol.kumbhare\.m2\repository\net\sf\opencsv\opencsv\1.7\opencsv-1.7.jar;C:\Users\amol.kumbhare\.m2\repository\org\apache\poi\poi-ooxml\4.1.2\poi-ooxml-4.1.2.jar;C:\Users\amol.kumbhare\.m2\repository\org\apache\poi\poi\4.1.2\poi-4.1.2.jar;C:\Users\amol.kumbhare\.m2\repository\org\apache\commons\commons-collections4\4.4\commons-collections4-4.4.jar;C:\Users\amol.kumbhare\.m2\repository\org\apache\commons\commons-math3\3.6.1\commons-math3-3.6.1.jar;C:\Users\amol.kumbhare\.m2\repository\com\zaxxer\SparseBitSet\1.2\SparseBitSet-1.2.jar;C:\Users\amol.kumbhare\.m2\repository\org\apache\poi\poi-ooxml-schemas\4.1.2\poi-ooxml-schemas-4.1.2.jar;C:\Users\amol.kumbhare\.m2\repository\org\apache\xmlbeans\xmlbeans\3.1.0\xmlbeans-3.1.0.jar;C:\Users\amol.kumbhare\.m2\repository\org\apache\commons\commons-compress\1.19\commons-compress-1.19.jar;C:\Users\amol.kumbhare\.m2\repository\com\github\virtuald\curvesapi\1.06\curvesapi-1.06.jar;C:\Users\amol.kumbhare\.m2\repository\com\zebrunner\carina-api\1.1.3\carina-api-1.1.3.jar;C:\Users\amol.kumbhare\.m2\repository\org\apache\httpcomponents\httpclient\4.5.13\httpclient-4.5.13.jar;C:\Users\amol.kumbhare\.m2\repository\org\apache\httpcomponents\httpcore\4.4.13\httpcore-4.4.13.jar;C:\Users\amol.kumbhare\.m2\repository\commons-logging\commons-logging\1.2\commons-logging-1.2.jar;C:\Users\amol.kumbhare\.m2\repository\commons-codec\commons-codec\1.11\commons-codec-1.11.jar;C:\Users\amol.kumbhare\.m2\repository\commons-io\commons-io\2.7\commons-io-2.7.jar;C:\Users\amol.kumbhare\.m2\repository\io\rest-assured\rest-assured\4.3.0\rest-assured-4.3.0.jar;C:\Users\amol.kumbhare\.m2\repository\org\codehaus\groovy\groovy\3.0.2\groovy-3.0.2.jar;C:\Users\amol.kumbhare\.m2\repository\org\codehaus\groovy\groovy-xml\3.0.2\groovy-xml-3.0.2.jar;C:\Users\amol.kumbhare\.m2\repository\org\apache\httpcomponents\httpmime\4.5.3\httpmime-4.5.3.jar;C:\Users\amol.kumbhare\.m2\repository\org\hamcrest\hamcrest\2.1\hamcrest-2.1.jar;C:\Users\amol.kumbhare\.m2\repository\org\ccil\cowan\tagsoup\tagsoup\1.2.1\tagsoup-1.2.1.jar;C:\Users\amol.kumbhare\.m2\repository\io\rest-assured\xml-path\4.3.0\xml-path-4.3.0.jar;C:\Users\amol.kumbhare\.m2\repository\jakarta\xml\bind\jakarta.xml.bind-api\2.3.2\jakarta.xml.bind-api-2.3.2.jar;C:\Users\amol.kumbhare\.m2\repository\jakarta\activation\jakarta.activation-api\1.2.1\jakarta.activation-api-1.2.1.jar;C:\Users\amol.kumbhare\.m2\repository\com\sun\xml\bind\jaxb-osgi\2.3.0.1\jaxb-osgi-2.3.0.1.jar;C:\Users\amol.kumbhare\.m2\repository\org\apache\sling\org.apache.sling.javax.activation\0.1.0\org.apache.sling.javax.activation-0.1.0.jar;C:\Users\amol.kumbhare\.m2\repository\io\rest-assured\json-path\4.3.0\json-path-4.3.0.jar;C:\Users\amol.kumbhare\.m2\repository\org\codehaus\groovy\groovy-json\3.0.2\groovy-json-3.0.2.jar;C:\Users\amol.kumbhare\.m2\repository\io\rest-assured\rest-assured-common\4.3.0\rest-assured-common-4.3.0.jar;C:\Users\amol.kumbhare\.m2\repository\com\google\code\gson\gson\2.9.0\gson-2.9.0.jar;C:\Users\amol.kumbhare\.m2\repository\javax\xml\bind\jaxb-api\2.2.2\jaxb-api-2.2.2.jar;C:\Users\amol.kumbhare\.m2\repository\javax\xml\stream\stax-api\1.0-2\stax-api-1.0-2.jar;C:\Users\amol.kumbhare\.m2\repository\javax\activation\activation\1.1\activation-1.1.jar;C:\Users\amol.kumbhare\.m2\repository\com\fasterxml\jackson\core\jackson-core\2.14.1\jackson-core-2.14.1.jar;C:\Users\amol.kumbhare\.m2\repository\com\fasterxml\jackson\core\jackson-databind\2.14.1\jackson-databind-2.14.1.jar;C:\Users\amol.kumbhare\.m2\repository\com\fasterxml\jackson\core\jackson-annotations\2.14.1\jackson-annotations-2.14.1.jar;C:\Users\amol.kumbhare\.m2\repository\org\apache\commons\commons-configuration2\2.8.0\commons-configuration2-2.8.0.jar;C:\Users\amol.kumbhare\.m2\repository\org\apache\commons\commons-text\1.10.0\commons-text-1.10.0.jar;C:\Users\amol.kumbhare\.m2\repository\org\freemarker\freemarker\2.3.31\freemarker-2.3.31.jar;C:\Users\amol.kumbhare\.m2\repository\org\skyscreamer\jsonassert\1.5.0\jsonassert-1.5.0.jar;C:\Users\amol.kumbhare\.m2\repository\ognl\ognl\3.3.2\ognl-3.3.2.jar;C:\Users\amol.kumbhare\.m2\repository\org\javassist\javassist\3.28.0-GA\javassist-3.28.0-GA.jar;C:\Users\amol.kumbhare\.m2\repository\org\xmlunit\xmlunit-assertj3\2.8.2\xmlunit-assertj3-2.8.2.jar;C:\Users\amol.kumbhare\.m2\repository\org\xmlunit\xmlunit-core\2.8.2\xmlunit-core-2.8.2.jar;C:\Users\amol.kumbhare\.m2\repository\org\assertj\assertj-core\3.18.1\assertj-core-3.18.1.jar;C:\Users\amol.kumbhare\.m2\repository\io\rest-assured\json-schema-validator\4.3.0\json-schema-validator-4.3.0.jar;C:\Users\amol.kumbhare\.m2\repository\com\github\java-json-tools\json-schema-validator\2.2.10\json-schema-validator-2.2.10.jar;C:\Users\amol.kumbhare\.m2\repository\com\github\java-json-tools\json-schema-core\1.2.10\json-schema-core-1.2.10.jar;C:\Users\amol.kumbhare\.m2\repository\com\github\java-json-tools\jackson-coreutils\1.9\jackson-coreutils-1.9.jar;C:\Users\amol.kumbhare\.m2\repository\com\github\fge\msg-simple\1.1\msg-simple-1.1.jar;C:\Users\amol.kumbhare\.m2\repository\com\github\fge\btf\1.2\btf-1.2.jar;C:\Users\amol.kumbhare\.m2\repository\com\github\fge\uri-template\0.9\uri-template-0.9.jar;C:\Users\amol.kumbhare\.m2\repository\org\mozilla\rhino\1.7.7.1\rhino-1.7.7.1.jar;C:\Users\amol.kumbhare\.m2\repository\javax\mail\mailapi\1.4.3\mailapi-1.4.3.jar;C:\Users\amol.kumbhare\.m2\repository\com\googlecode\libphonenumber\libphonenumber\8.0.0\libphonenumber-8.0.0.jar;C:\Users\amol.kumbhare\.m2\repository\net\sf\jopt-simple\jopt-simple\5.0.3\jopt-simple-5.0.3.jar;C:\Users\amol.kumbhare\.m2\repository\org\everit\json\org.everit.json.schema\1.5.1\org.everit.json.schema-1.5.1.jar;C:\Users\amol.kumbhare\.m2\repository\commons-validator\commons-validator\1.5.1\commons-validator-1.5.1.jar;C:\Users\amol.kumbhare\.m2\repository\commons-digester\commons-digester\1.8.1\commons-digester-1.8.1.jar;C:\Users\amol.kumbhare\.m2\repository\org\json\json\20160810\json-20160810.jar;C:\Users\amol.kumbhare\.m2\repository\com\jayway\jsonpath\json-path\2.5.0\json-path-2.5.0.jar;C:\Users\amol.kumbhare\.m2\repository\net\minidev\json-smart\2.3\json-smart-2.3.jar;C:\Users\amol.kumbhare\.m2\repository\net\minidev\accessors-smart\1.2\accessors-smart-1.2.jar;C:\Users\amol.kumbhare\.m2\repository\com\zebrunner\carina-aws-s3\1.1.4\carina-aws-s3-1.1.4.jar;C:\Users\amol.kumbhare\.m2\repository\com\zebrunner\carina-commons\1.0.2\carina-commons-1.0.2.jar;C:\Users\amol.kumbhare\.m2\repository\com\amazonaws\aws-java-sdk-s3\1.12.429\aws-java-sdk-s3-1.12.429.jar;C:\Users\amol.kumbhare\.m2\repository\com\amazonaws\aws-java-sdk-core\1.12.429\aws-java-sdk-core-1.12.429.jar;C:\Users\amol.kumbhare\.m2\repository\software\amazon\ion\ion-java\1.0.2\ion-java-1.0.2.jar;C:\Users\amol.kumbhare\.m2\repository\com\fasterxml\jackson\dataformat\jackson-dataformat-cbor\2.12.6\jackson-dataformat-cbor-2.12.6.jar;C:\Users\amol.kumbhare\.m2\repository\com\zebrunner\carina-azure\1.1.4\carina-azure-1.1.4.jar;C:\Users\amol.kumbhare\.m2\repository\com\azure\azure-storage-blob\12.21.1\azure-storage-blob-12.21.1.jar;C:\Users\amol.kumbhare\.m2\repository\com\azure\azure-core\1.37.0\azure-core-1.37.0.jar;C:\Users\amol.kumbhare\.m2\repository\io\projectreactor\reactor-core\3.4.27\reactor-core-3.4.27.jar;C:\Users\amol.kumbhare\.m2\repository\com\azure\azure-core-http-netty\1.13.1\azure-core-http-netty-1.13.1.jar;C:\Users\amol.kumbhare\.m2\repository\io\netty\netty-handler\4.1.89.Final\netty-handler-4.1.89.Final.jar;C:\Users\amol.kumbhare\.m2\repository\io\netty\netty-handler-proxy\4.1.89.Final\netty-handler-proxy-4.1.89.Final.jar;C:\Users\amol.kumbhare\.m2\repository\io\netty\netty-codec\4.1.89.Final\netty-codec-4.1.89.Final.jar;C:\Users\amol.kumbhare\.m2\repository\io\netty\netty-codec-http2\4.1.89.Final\netty-codec-http2-4.1.89.Final.jar;C:\Users\amol.kumbhare\.m2\repository\io\netty\netty-transport-native-epoll\4.1.89.Final\netty-transport-native-epoll-4.1.89.Final-linux-x86_64.jar;C:\Users\amol.kumbhare\.m2\repository\io\netty\netty-transport-native-kqueue\4.1.89.Final\netty-transport-native-kqueue-4.1.89.Final-osx-x86_64.jar;C:\Users\amol.kumbhare\.m2\repository\io\netty\netty-tcnative-boringssl-static\2.0.56.Final\netty-tcnative-boringssl-static-2.0.56.Final.jar;C:\Users\amol.kumbhare\.m2\repository\io\netty\netty-tcnative-classes\2.0.56.Final\netty-tcnative-classes-2.0.56.Final.jar;C:\Users\amol.kumbhare\.m2\repository\io\netty\netty-tcnative-boringssl-static\2.0.56.Final\netty-tcnative-boringssl-static-2.0.56.Final-linux-x86_64.jar;C:\Users\amol.kumbhare\.m2\repository\io\netty\netty-tcnative-boringssl-static\2.0.56.Final\netty-tcnative-boringssl-static-2.0.56.Final-linux-aarch_64.jar;C:\Users\amol.kumbhare\.m2\repository\io\netty\netty-tcnative-boringssl-static\2.0.56.Final\netty-tcnative-boringssl-static-2.0.56.Final-osx-x86_64.jar;C:\Users\amol.kumbhare\.m2\repository\io\netty\netty-tcnative-boringssl-static\2.0.56.Final\netty-tcnative-boringssl-static-2.0.56.Final-osx-aarch_64.jar;C:\Users\amol.kumbhare\.m2\repository\io\netty\netty-tcnative-boringssl-static\2.0.56.Final\netty-tcnative-boringssl-static-2.0.56.Final-windows-x86_64.jar;C:\Users\amol.kumbhare\.m2\repository\io\projectreactor\netty\reactor-netty-http\1.0.28\reactor-netty-http-1.0.28.jar;C:\Users\amol.kumbhare\.m2\repository\io\netty\netty-resolver-dns\4.1.89.Final\netty-resolver-dns-4.1.89.Final.jar;C:\Users\amol.kumbhare\.m2\repository\io\netty\netty-codec-dns\4.1.89.Final\netty-codec-dns-4.1.89.Final.jar;C:\Users\amol.kumbhare\.m2\repository\io\netty\netty-resolver-dns-native-macos\4.1.89.Final\netty-resolver-dns-native-macos-4.1.89.Final-osx-x86_64.jar;C:\Users\amol.kumbhare\.m2\repository\io\netty\netty-resolver-dns-classes-macos\4.1.89.Final\netty-resolver-dns-classes-macos-4.1.89.Final.jar;C:\Users\amol.kumbhare\.m2\repository\io\projectreactor\netty\reactor-netty-core\1.0.28\reactor-netty-core-1.0.28.jar;C:\Users\amol.kumbhare\.m2\repository\com\azure\azure-storage-common\12.20.1\azure-storage-common-12.20.1.jar;C:\Users\amol.kumbhare\.m2\repository\com\azure\azure-storage-internal-avro\12.6.1\azure-storage-internal-avro-12.6.1.jar;C:\Users\amol.kumbhare\.m2\repository\com\fasterxml\jackson\dataformat\jackson-dataformat-xml\2.13.5\jackson-dataformat-xml-2.13.5.jar;C:\Users\amol.kumbhare\.m2\repository\org\codehaus\woodstox\stax2-api\4.2.1\stax2-api-4.2.1.jar;C:\Users\amol.kumbhare\.m2\repository\com\fasterxml\woodstox\woodstox-core\6.4.0\woodstox-core-6.4.0.jar;C:\Users\amol.kumbhare\.m2\repository\com\zebrunner\carina-appcenter\1.1.4\carina-appcenter-1.1.4.jar;C:\Users\amol.kumbhare\.m2\repository\org\springframework\spring-web\5.3.19\spring-web-5.3.19.jar;C:\Users\amol.kumbhare\.m2\repository\org\springframework\spring-beans\5.3.19\spring-beans-5.3.19.jar;C:\Users\amol.kumbhare\.m2\repository\org\springframework\spring-core\5.3.19\spring-core-5.3.19.jar;C:\Users\amol.kumbhare\.m2\repository\org\springframework\spring-jcl\5.3.19\spring-jcl-5.3.19.jar;C:\Users\amol.kumbhare\.m2\repository\com\google\guava\guava\31.1-jre\guava-31.1-jre.jar;C:\Users\amol.kumbhare\.m2\repository\com\google\guava\failureaccess\1.0.1\failureaccess-1.0.1.jar;C:\Users\amol.kumbhare\.m2\repository\com\google\guava\listenablefuture\9999.0-empty-to-avoid-conflict-with-guava\listenablefuture-9999.0-empty-to-avoid-conflict-with-guava.jar;C:\Users\amol.kumbhare\.m2\repository\com\google\code\findbugs\jsr305\3.0.2\jsr305-3.0.2.jar;C:\Users\amol.kumbhare\.m2\repository\com\google\errorprone\error_prone_annotations\2.11.0\error_prone_annotations-2.11.0.jar;C:\Users\amol.kumbhare\.m2\repository\com\google\j2objc\j2objc-annotations\1.3\j2objc-annotations-1.3.jar;C:\Users\amol.kumbhare\.m2\repository\org\slf4j\slf4j-api\1.7.30\slf4j-api-1.7.30.jar;C:\Users\amol.kumbhare\.m2\repository\org\apache\logging\log4j\log4j-api\2.17.1\log4j-api-2.17.1.jar;C:\Users\amol.kumbhare\.m2\repository\org\apache\logging\log4j\log4j-core\2.17.1\log4j-core-2.17.1.jar;C:\Users\amol.kumbhare\.m2\repository\net\bytebuddy\byte-buddy\1.12.18\byte-buddy-1.12.18.jar;C:\Users\amol.kumbhare\.m2\repository\org\mybatis\mybatis\3.5.6\mybatis-3.5.6.jar;C:\Users\amol.kumbhare\.m2\repository\org\postgresql\postgresql\42.5.3\postgresql-42.5.3.jar;C:\Users\amol.kumbhare\.m2\repository\org\checkerframework\checker-qual\3.5.0\checker-qual-3.5.0.jar;C:\Users\amol.kumbhare\.m2\repository\com\zebrunner\carina-cucumber\1.2.7\carina-cucumber-1.2.7.jar;C:\Users\amol.kumbhare\.m2\repository\net\masterthought\cucumber-reporting\5.7.8\cucumber-reporting-5.7.8.jar;C:\Users\amol.kumbhare\.m2\repository\com\fasterxml\jackson\datatype\jackson-datatype-jsr310\2.16.0\jackson-datatype-jsr310-2.16.0.jar;C:\Users\amol.kumbhare\.m2\repository\org\apache\velocity\velocity-engine-core\2.3\velocity-engine-core-2.3.jar;C:\Users\amol.kumbhare\.m2\repository\org\codehaus\plexus\plexus-utils\3.5.1\plexus-utils-3.5.1.jar;C:\Users\amol.kumbhare\.m2\repository\org\jsoup\jsoup\1.17.1\jsoup-1.17.1.jar;C:\Users\amol.kumbhare\.m2\repository\com\googlecode\owasp-java-html-sanitizer\owasp-java-html-sanitizer\20220608.1\owasp-java-html-sanitizer-20220608.1.jar;C:\Users\amol.kumbhare\.m2\repository\commons-configuration\commons-configuration\1.10\commons-configuration-1.10.jar;C:\Users\amol.kumbhare\.m2\repository\commons-lang\commons-lang\2.6\commons-lang-2.6.jar;C:\Users\amol.kumbhare\.m2\repository\com\aventstack\extentreports\5.0.9\extentreports-5.0.9.jar;C:\Users\amol.kumbhare\.m2\repository\io\reactivex\rxjava3\rxjava\3.0.4\rxjava-3.0.4.jar;C:\Users\amol.kumbhare\.m2\repository\org\reactivestreams\reactive-streams\1.0.3\reactive-streams-1.0.3.jar;C:\Users\amol.kumbhare\.m2\repository\org\testng\testng\7.9.0\testng-7.9.0.jar;C:\Users\amol.kumbhare\.m2\repository\com\beust\jcommander\1.82\jcommander-1.82.jar;C:\Users\amol.kumbhare\.m2\repository\org\webjars\jquery\3.7.1\jquery-3.7.1.jar;C:\Users\amol.kumbhare\.m2\repository\org\projectlombok\lombok\1.18.28\lombok-1.18.28.jar;C:\Users\amol.kumbhare\.m2\repository\io\cucumber\cucumber-testng\7.15.0\cucumber-testng-7.15.0.jar;C:\Users\amol.kumbhare\.m2\repository\org\apiguardian\apiguardian-api\1.1.2\apiguardian-api-1.1.2.jar;C:\Users\amol.kumbhare\.m2\repository\io\cucumber\cucumber-core\7.15.0\cucumber-core-7.15.0.jar;C:\Users\amol.kumbhare\.m2\repository\io\cucumber\cucumber-gherkin\7.15.0\cucumber-gherkin-7.15.0.jar;C:\Users\amol.kumbhare\.m2\repository\io\cucumber\cucumber-gherkin-messages\7.15.0\cucumber-gherkin-messages-7.15.0.jar;C:\Users\amol.kumbhare\.m2\repository\io\cucumber\gherkin\26.2.0\gherkin-26.2.0.jar;C:\Users\amol.kumbhare\.m2\repository\io\cucumber\messages\22.0.0\messages-22.0.0.jar;C:\Users\amol.kumbhare\.m2\repository\io\cucumber\tag-expressions\6.0.0\tag-expressions-6.0.0.jar;C:\Users\amol.kumbhare\.m2\repository\io\cucumber\cucumber-expressions\17.0.1\cucumber-expressions-17.0.1.jar;C:\Users\amol.kumbhare\.m2\repository\io\cucumber\datatable\7.15.0\datatable-7.15.0.jar;C:\Users\amol.kumbhare\.m2\repository\io\cucumber\cucumber-plugin\7.15.0\cucumber-plugin-7.15.0.jar;C:\Users\amol.kumbhare\.m2\repository\io\cucumber\docstring\7.15.0\docstring-7.15.0.jar;C:\Users\amol.kumbhare\.m2\repository\io\cucumber\html-formatter\20.4.0\html-formatter-20.4.0.jar;C:\Users\amol.kumbhare\.m2\repository\io\cucumber\junit-xml-formatter\0.2.0\junit-xml-formatter-0.2.0.jar;C:\Users\amol.kumbhare\.m2\repository\io\cucumber\ci-environment\10.0.0\ci-environment-10.0.0.jar;C:\Users\amol.kumbhare\.m2\repository\io\cucumber\cucumber-java\7.15.0\cucumber-java-7.15.0.jar;C:\Users\amol.kumbhare\.m2\repository\tech\grasshopper\extentreports-cucumber7-adapter\1.14.0\extentreports-cucumber7-adapter-1.14.0.jar;C:\Users\amol.kumbhare\.m2\repository\tech\grasshopper\extent-pdf-report\2.12.0\extent-pdf-report-2.12.0.jar;C:\Users\amol.kumbhare\.m2\repository\tech\grasshopper\cucumber-pdf-report\2.14.0\cucumber-pdf-report-2.14.0.jar;C:\Users\amol.kumbhare\.m2\repository\org\knowm\xchart\xchart\3.8.0\xchart-3.8.0.jar;C:\Users\amol.kumbhare\.m2\repository\de\erichseifert\vectorgraphics2d\VectorGraphics2D\0.13\VectorGraphics2D-0.13.jar;C:\Users\amol.kumbhare\.m2\repository\de\rototor\pdfbox\graphics2d\0.30\graphics2d-0.30.jar;C:\Users\amol.kumbhare\.m2\repository\com\madgag\animated-gif-lib\1.4\animated-gif-lib-1.4.jar;C:\Users\amol.kumbhare\.m2\repository\org\yaml\snakeyaml\2.0\snakeyaml-2.0.jar;C:\Users\amol.kumbhare\.m2\repository\tech\grasshopper\table-layout\1.5.1\table-layout-1.5.1.jar;C:\Users\amol.kumbhare\.m2\repository\tech\grasshopper\rest-assured-cucumber-pdf-report\1.5.0\rest-assured-cucumber-pdf-report-1.5.0.jar;C:\Users\amol.kumbhare\.m2\repository\com\aventstack\klov-reporter\5.1.0\klov-reporter-5.1.0.jar;C:\Users\amol.kumbhare\.m2\repository\org\mongodb\bson\3.6.4\bson-3.6.4.jar;C:\Users\amol.kumbhare\.m2\repository\tech\grasshopper\htmlextentreporter\1.1.0\htmlextentreporter-1.1.0.jar;C:\Users\amol.kumbhare\.m2\repository\tech\grasshopper\extent-excel-report\1.4.0\extent-excel-report-1.4.0.jar;C:\Users\amol.kumbhare\.m2\repository\com\vimalselvam\cucumber-extentsreport\3.0.2\cucumber-extentsreport-3.0.2.jar;C:\Users\amol.kumbhare\.m2\repository\com\aventstack\extentreports-testng-adapter\1.2.2\extentreports-testng-adapter-1.2.2.jar;C:\Users\amol.kumbhare\.m2\repository\org\mongodb\mongodb-driver\3.3.0\mongodb-driver-3.3.0.jar;C:\Users\amol.kumbhare\.m2\repository\org\mongodb\mongodb-driver-core\3.3.0\mongodb-driver-core-3.3.0.jar;"/>
    <property name="sun.cpu.endian" value="little"/>
    <property name="user.home" value="C:\Users\amol.kumbhare"/>
    <property name="user.language" value="en"/>
    <property name="java.specification.vendor" value="Oracle Corporation"/>
    <property name="java.version.date" value="2023-09-19"/>
    <property name="java.home" value="C:\Program Files\Java\jdk-21"/>
    <property name="file.separator" value="\"/>
    <property name="basedir" value="C:\Carina\project-qa"/>
    <property name="java.vm.compressedOopsMode" value="Zero based"/>
    <property name="line.separator" value="&#10;"/>
    <property name="java.vm.specification.vendor" value="Oracle Corporation"/>
    <property name="java.specification.name" value="Java Platform API Specification"/>
    <property name="reporting.server.hostname" value="https://parkardigital.zebrunner.com"/>
    <property name="user.script" value=""/>
    <property name="sun.management.compiler" value="HotSpot 64-Bit Tiered Compilers"/>
    <property name="java.runtime.version" value="21+35-LTS-2513"/>
    <property name="user.name" value="Amol.Kumbhare"/>
    <property name="reporting.projectKey" value="DEF"/>
    <property name="stdout.encoding" value="Cp1252"/>
    <property name="path.separator" value=";"/>
    <property name="os.version" value="10.0"/>
    <property name="java.runtime.name" value="Java(TM) SE Runtime Environment"/>
    <property name="file.encoding" value="UTF-8"/>
    <property name="java.vm.name" value="Java HotSpot(TM) 64-Bit Server VM"/>
    <property name="reporting.server.accessToken" value="ifNnLIPWodLMapQeTcpAHSERBLDL3doUEqNtXDhQjytpjz0SIZ"/>
    <property name="localRepository" value="C:\Users\amol.kumbhare\.m2\repository"/>
    <property name="java.vendor.url.bug" value="https://bugreport.java.com/bugreport/"/>
    <property name="java.io.tmpdir" value="C:\Users\AMOL~1.KUM\AppData\Local\Temp\"/>
    <property name="java.version" value="21"/>
    <property name="user.dir" value="C:\Carina\project-qa"/>
    <property name="os.arch" value="amd64"/>
    <property name="java.vm.specification.name" value="Java Virtual Machine Specification"/>
    <property name="sun.os.patch.level" value=""/>
    <property name="native.encoding" value="Cp1252"/>
    <property name="java.library.path" value="C:\Program Files\Java\jdk-21\bin;C:\Windows\Sun\Java\bin;C:\Windows\system32;C:\Windows;C:\Program Files\Common Files\Oracle\Java\javapath;C:\Program Files (x86)\Common Files\Oracle\Java\javapath;C:\Windows\system32;C:\Windows;C:\Windows\System32\Wbem;C:\Windows\System32\WindowsPowerShell\v1.0\;C:\Windows\System32\OpenSSH\;C:\Program Files\PuTTY\;C:\Program Files\Java\jdk-21\bin;C:\Users\amol.kumbhare\Downloads\apache-maven-3.9.4-bin\apache-maven-3.9.4\bin;C:\Program Files\Java\jdk-21\bin;C:\Program Files\Microsoft SQL Server\150\Tools\Binn\;C:\Program Files\Microsoft SQL Server\130\Tools\Binn\;C:\Program Files\Git\cmd;C:\Program Files\Docker\Docker\resources\bin;C:\Users\amol.kumbhare\AppData\Local\Microsoft\WindowsApps;C:\Users\amol.kumbhare\AppData\Local\Programs\Git\cmd;C:\Users\amol.kumbhare\AppData\Local\Programs\Microsoft VS Code\bin;."/>
    <property name="java.vm.info" value="mixed mode, sharing"/>
    <property name="stderr.encoding" value="Cp1252"/>
    <property name="java.vendor" value="Oracle Corporation"/>
    <property name="java.vm.version" value="21+35-LTS-2513"/>
    <property name="sun.io.unicode.encoding" value="UnicodeLittle"/>
    <property name="java.class.version" value="65.0"/>
    <property name="reporting.run.environment" value="DEMO"/>
  </properties>
  <testcase name="testBrandGroup" classname="com.mycompany.carina.demo.WebSampleTest" time="55.248">
    <system-out><![CDATA[2024-03-10 00:37:51 CarinaListener [main] [INFO] 
============= Basic configuration =============
env=DEMO
=========== Encryptor configuration ===========
crypto_key_value=*****
=========== WebDriver configuration ===========
url=https://www.gsmarena.com
selenium_url=http://192.168.1.7:4444/wd/hub
auto_screenshot=true
localization_encoding=UTF-8
language=en_US
-------------- Driver capabilities ------------
browserName=chrome
===============================================

2024-03-10 00:37:54 CarinaListener [main-1] [INFO] Set thread-count=1
2024-03-10 00:37:54 CarinaListener [main-1] [INFO] Set data-provider-thread-count=1
2024-03-10 00:37:56 CarinaListener [main-1] [INFO] CARINA_CORE_VERSION: 1.1.3
2024-03-10 00:37:56 Messager [TestNG-test-Hello World test-1] [INFO] TEST [Hello World test - testBrandGroup] STARTED at [00:37:56 2024-03-10]
--------- Executing :- testBrandGroup ---------
2024-03-10 00:37:56 DriverFactory [TestNG-test-Hello World test-1-45] [INFO] Starting driver session...
2024-03-10 00:37:59 DriverFactory [TestNG-test-Hello World test-1-45] [INFO] Driver session started.
2024-03-10 00:37:59 Messager [TestNG-test-Hello World test-1-45] [INFO] INFO: opening url 'https://www.gsmarena.com'
2024-03-10 00:38:35 DriverListener [TestNG-test-Hello World test-1-45] [INFO] PASS: element 'allBrandsButton' is clicked.
2024-03-10 00:38:41 DriverListener [TestNG-test-Hello World test-1-45] [INFO] PASS: element 'ExtendedWebElement - [52]' is clicked.
2024-03-10 00:38:50 Messager [TestNG-test-Hello World test-1-45] [INFO] TEST [Hello World test - testBrandGroup] PASSED at [00:38:50 2024-03-10]
]]></system-out>
  </testcase>
  <testcase name="testCompareModels" classname="com.mycompany.carina.demo.WebSampleTest" time="61.259">
    <failure message="The following asserts failed:&#10;	expected [2023, February 29] but found [2023, February 01]" type="java.lang.AssertionError"><![CDATA[java.lang.AssertionError: 
The following asserts failed:
	expected [2023, February 29] but found [2023, February 01]
	at org.testng.asserts.SoftAssert.assertAll(SoftAssert.java:46)
	at org.testng.asserts.SoftAssert.assertAll(SoftAssert.java:30)
	at com.mycompany.carina.demo.WebSampleTest.testCompareModels(WebSampleTest.java:82)
	at java.base/jdk.internal.reflect.DirectMethodHandleAccessor.invoke(DirectMethodHandleAccessor.java:103)
	at java.base/java.lang.reflect.Method.invoke(Method.java:580)
	at org.testng.internal.invokers.MethodInvocationHelper.invokeMethod(MethodInvocationHelper.java:139)
	at org.testng.internal.invokers.TestInvoker.invokeMethod(TestInvoker.java:664)
	at org.testng.internal.invokers.TestInvoker.invokeTestMethod(TestInvoker.java:228)
	at org.testng.internal.invokers.MethodRunner.runInSequence(MethodRunner.java:63)
	at org.testng.internal.invokers.TestInvoker$MethodInvocationAgent.invoke(TestInvoker.java:961)
	at org.testng.internal.invokers.TestInvoker.invokeTestMethods(TestInvoker.java:201)
	at org.testng.internal.invokers.TestMethodWorker.invokeTestMethods(TestMethodWorker.java:148)
	at org.testng.internal.invokers.TestMethodWorker.run(TestMethodWorker.java:128)
	at java.base/java.util.concurrent.Executors$RunnableAdapter.call(Executors.java:572)
	at java.base/java.util.concurrent.FutureTask.run(FutureTask.java:317)
	at org.testng.internal.thread.graph.TestNGFutureTask.run(TestNGFutureTask.java:22)
	at java.base/java.util.concurrent.ThreadPoolExecutor.runWorker(ThreadPoolExecutor.java:1144)
	at java.base/java.util.concurrent.ThreadPoolExecutor$Worker.run(ThreadPoolExecutor.java:642)
	at java.base/java.lang.Thread.run(Thread.java:1583)
]]></failure>
    <system-out><![CDATA[2024-03-10 00:38:52 Messager [TestNG-test-Hello World test-1-45] [INFO] TEST [Hello World test - testCompareModels] STARTED at [00:38:52 2024-03-10]
--------- Executing :- testCompareModels ---------
2024-03-10 00:38:52 DriverFactory [TestNG-test-Hello World test-1-45] [INFO] Starting driver session...
2024-03-10 00:38:54 DriverFactory [TestNG-test-Hello World test-1-45] [INFO] Driver session started.
2024-03-10 00:38:54 Messager [TestNG-test-Hello World test-1-45] [INFO] INFO: opening url 'https://www.gsmarena.com'
2024-03-10 00:39:23 DriverListener [TestNG-test-Hello World test-1-45] [INFO] PASS: element 'compareLink' is clicked.
2024-03-10 00:39:25 DriverListener [TestNG-test-Hello World test-1-45] [INFO] PASS: element 'inputField' is clicked.
2024-03-10 00:39:28 DriverListener [TestNG-test-Hello World test-1-45] [INFO] PASS: keys 'Samsung Galaxy J3' are sent to element 'inputField'.
2024-03-10 00:39:31 DriverListener [TestNG-test-Hello World test-1-45] [INFO] PASS: element 'autocompleteSearchElements0' is clicked.
2024-03-10 00:39:33 DriverListener [TestNG-test-Hello World test-1-45] [INFO] PASS: element 'inputField' is clicked.
2024-03-10 00:39:36 DriverListener [TestNG-test-Hello World test-1-45] [INFO] PASS: keys 'Samsung Galaxy S23 Ultra' are sent to element 'inputField'.
2024-03-10 00:39:40 DriverListener [TestNG-test-Hello World test-1-45] [INFO] PASS: element 'autocompleteSearchElements0' is clicked.
2024-03-10 00:39:42 DriverListener [TestNG-test-Hello World test-1-45] [INFO] PASS: element 'inputField' is clicked.
2024-03-10 00:39:45 DriverListener [TestNG-test-Hello World test-1-45] [INFO] PASS: keys 'Samsung Galaxy J7 Pro' are sent to element 'inputField'.
2024-03-10 00:39:48 DriverListener [TestNG-test-Hello World test-1-45] [INFO] PASS: element 'autocompleteSearchElements0' is clicked.
testCompareModels
2024-03-10 00:39:52 Messager [TestNG-test-Hello World test-1-45] [ERROR] TEST [Hello World test - testCompareModels] FAILED at [00:39:52 2024-03-10] - The following asserts failed:
	expected [2023, February 29] but found [2023, February 01]

org.testng.asserts.SoftAssert.assertAll(SoftAssert.java:46)
org.testng.asserts.SoftAssert.assertAll(SoftAssert.java:30)
com.mycompany.carina.demo.WebSampleTest.testCompareModels(WebSampleTest.java:82)
java.base/jdk.internal.reflect.DirectMethodHandleAccessor.invoke(DirectMethodHandleAccessor.java:103)
java.base/java.lang.reflect.Method.invoke(Method.java:580)
org.testng.internal.invokers.MethodInvocationHelper.invokeMethod(MethodInvocationHelper.java:139)
org.testng.internal.invokers.TestInvoker.invokeMethod(TestInvoker.java:664)
org.testng.internal.invokers.TestInvoker.invokeTestMethod(TestInvoker.java:228)
org.testng.internal.invokers.MethodRunner.runInSequence(MethodRunner.java:63)
org.testng.internal.invokers.TestInvoker$MethodInvocationAgent.invoke(TestInvoker.java:961)
org.testng.internal.invokers.TestInvoker.invokeTestMethods(TestInvoker.java:201)
org.testng.internal.invokers.TestMethodWorker.invokeTestMethods(TestMethodWorker.java:148)
org.testng.internal.invokers.TestMethodWorker.run(TestMethodWorker.java:128)
java.base/java.util.concurrent.Executors$RunnableAdapter.call(Executors.java:572)
java.base/java.util.concurrent.FutureTask.run(FutureTask.java:317)
org.testng.internal.thread.graph.TestNGFutureTask.run(TestNGFutureTask.java:22)
java.base/java.util.concurrent.ThreadPoolExecutor.runWorker(ThreadPoolExecutor.java:1144)
java.base/java.util.concurrent.ThreadPoolExecutor$Worker.run(ThreadPoolExecutor.java:642)
java.base/java.lang.Thread.run(Thread.java:1583)
]]></system-out>
    <system-err><![CDATA[java.lang.NoSuchFieldException: driver
	at java.base/java.lang.Class.getDeclaredField(Class.java:2782)
	at extentReport.ListenersExtent.onTestFailure(ListenersExtent.java:60)
	at org.testng.internal.TestListenerHelper.runTestListeners(TestListenerHelper.java:108)
	at org.testng.internal.invokers.TestInvoker.runTestResultListener(TestInvoker.java:263)
	at org.testng.internal.invokers.TestInvoker.invokeMethod(TestInvoker.java:751)
	at org.testng.internal.invokers.TestInvoker.invokeTestMethod(TestInvoker.java:228)
	at org.testng.internal.invokers.MethodRunner.runInSequence(MethodRunner.java:63)
	at org.testng.internal.invokers.TestInvoker$MethodInvocationAgent.invoke(TestInvoker.java:961)
	at org.testng.internal.invokers.TestInvoker.invokeTestMethods(TestInvoker.java:201)
	at org.testng.internal.invokers.TestMethodWorker.invokeTestMethods(TestMethodWorker.java:148)
	at org.testng.internal.invokers.TestMethodWorker.run(TestMethodWorker.java:128)
	at java.base/java.util.concurrent.Executors$RunnableAdapter.call(Executors.java:572)
	at java.base/java.util.concurrent.FutureTask.run(FutureTask.java:317)
	at org.testng.internal.thread.graph.TestNGFutureTask.run(TestNGFutureTask.java:22)
	at java.base/java.util.concurrent.ThreadPoolExecutor.runWorker(ThreadPoolExecutor.java:1144)
	at java.base/java.util.concurrent.ThreadPoolExecutor$Worker.run(ThreadPoolExecutor.java:642)
	at java.base/java.lang.Thread.run(Thread.java:1583)
]]></system-err>
  </testcase>
  <testcase name="testModelSpecs" classname="com.mycompany.carina.demo.WebSampleTest" time="36.83">
    <failure message="Unable to open model: Galaxy A04" type="java.lang.RuntimeException"><![CDATA[java.lang.RuntimeException: Unable to open model: Galaxy A04
	at com.mycompany.carina.demo.gui.pages.desktop.BrandModelsPage.selectModel(BrandModelsPage.java:30)
	at com.mycompany.carina.demo.WebSampleTest.testModelSpecs(WebSampleTest.java:47)
	at java.base/jdk.internal.reflect.DirectMethodHandleAccessor.invoke(DirectMethodHandleAccessor.java:103)
	at java.base/java.lang.reflect.Method.invoke(Method.java:580)
	at org.testng.internal.invokers.MethodInvocationHelper.invokeMethod(MethodInvocationHelper.java:139)
	at org.testng.internal.invokers.TestInvoker.invokeMethod(TestInvoker.java:664)
	at org.testng.internal.invokers.TestInvoker.invokeTestMethod(TestInvoker.java:228)
	at org.testng.internal.invokers.MethodRunner.runInSequence(MethodRunner.java:63)
	at org.testng.internal.invokers.TestInvoker$MethodInvocationAgent.invoke(TestInvoker.java:961)
	at org.testng.internal.invokers.TestInvoker.invokeTestMethods(TestInvoker.java:201)
	at org.testng.internal.invokers.TestMethodWorker.invokeTestMethods(TestMethodWorker.java:148)
	at org.testng.internal.invokers.TestMethodWorker.run(TestMethodWorker.java:128)
	at java.base/java.util.concurrent.Executors$RunnableAdapter.call(Executors.java:572)
	at java.base/java.util.concurrent.FutureTask.run(FutureTask.java:317)
	at org.testng.internal.thread.graph.TestNGFutureTask.run(TestNGFutureTask.java:22)
	at java.base/java.util.concurrent.ThreadPoolExecutor.runWorker(ThreadPoolExecutor.java:1144)
	at java.base/java.util.concurrent.ThreadPoolExecutor$Worker.run(ThreadPoolExecutor.java:642)
	at java.base/java.lang.Thread.run(Thread.java:1583)
]]></failure>
    <system-out><![CDATA[2024-03-10 00:39:54 Messager [TestNG-test-Hello World test-1-45] [INFO] TEST [Hello World test - testModelSpecs] STARTED at [00:39:54 2024-03-10]
--------- Executing :- testModelSpecs ---------
2024-03-10 00:39:54 DriverFactory [TestNG-test-Hello World test-1-45] [INFO] Starting driver session...
2024-03-10 00:39:56 DriverFactory [TestNG-test-Hello World test-1-45] [INFO] Driver session started.
2024-03-10 00:39:56 Messager [TestNG-test-Hello World test-1-45] [INFO] INFO: opening url 'https://www.gsmarena.com'
2024-03-10 00:40:20 HomePage [TestNG-test-Hello World test-1-45] [INFO] selecting 'Samsung' brand...
2024-03-10 00:40:20 HomePage [TestNG-test-Hello World test-1-45] [INFO] currentBrand: PHONE FINDER
2024-03-10 00:40:20 HomePage [TestNG-test-Hello World test-1-45] [INFO] currentBrand: SAMSUNG
2024-03-10 00:40:27 DriverListener [TestNG-test-Hello World test-1-45] [INFO] PASS: element 'brandLinks1' is clicked.
testModelSpecs
2024-03-10 00:40:30 Messager [TestNG-test-Hello World test-1-45] [ERROR] TEST [Hello World test - testModelSpecs] FAILED at [00:40:30 2024-03-10] - Unable to open model: Galaxy A04

com.mycompany.carina.demo.gui.pages.desktop.BrandModelsPage.selectModel(BrandModelsPage.java:30)
com.mycompany.carina.demo.WebSampleTest.testModelSpecs(WebSampleTest.java:47)
java.base/jdk.internal.reflect.DirectMethodHandleAccessor.invoke(DirectMethodHandleAccessor.java:103)
java.base/java.lang.reflect.Method.invoke(Method.java:580)
org.testng.internal.invokers.MethodInvocationHelper.invokeMethod(MethodInvocationHelper.java:139)
org.testng.internal.invokers.TestInvoker.invokeMethod(TestInvoker.java:664)
org.testng.internal.invokers.TestInvoker.invokeTestMethod(TestInvoker.java:228)
org.testng.internal.invokers.MethodRunner.runInSequence(MethodRunner.java:63)
org.testng.internal.invokers.TestInvoker$MethodInvocationAgent.invoke(TestInvoker.java:961)
org.testng.internal.invokers.TestInvoker.invokeTestMethods(TestInvoker.java:201)
org.testng.internal.invokers.TestMethodWorker.invokeTestMethods(TestMethodWorker.java:148)
org.testng.internal.invokers.TestMethodWorker.run(TestMethodWorker.java:128)
java.base/java.util.concurrent.Executors$RunnableAdapter.call(Executors.java:572)
java.base/java.util.concurrent.FutureTask.run(FutureTask.java:317)
org.testng.internal.thread.graph.TestNGFutureTask.run(TestNGFutureTask.java:22)
java.base/java.util.concurrent.ThreadPoolExecutor.runWorker(ThreadPoolExecutor.java:1144)
java.base/java.util.concurrent.ThreadPoolExecutor$Worker.run(ThreadPoolExecutor.java:642)
java.base/java.lang.Thread.run(Thread.java:1583)
]]></system-out>
    <system-err><![CDATA[java.lang.NoSuchFieldException: driver
	at java.base/java.lang.Class.getDeclaredField(Class.java:2782)
	at extentReport.ListenersExtent.onTestFailure(ListenersExtent.java:60)
	at org.testng.internal.TestListenerHelper.runTestListeners(TestListenerHelper.java:108)
	at org.testng.internal.invokers.TestInvoker.runTestResultListener(TestInvoker.java:263)
	at org.testng.internal.invokers.TestInvoker.invokeMethod(TestInvoker.java:751)
	at org.testng.internal.invokers.TestInvoker.invokeTestMethod(TestInvoker.java:228)
	at org.testng.internal.invokers.MethodRunner.runInSequence(MethodRunner.java:63)
	at org.testng.internal.invokers.TestInvoker$MethodInvocationAgent.invoke(TestInvoker.java:961)
	at org.testng.internal.invokers.TestInvoker.invokeTestMethods(TestInvoker.java:201)
	at org.testng.internal.invokers.TestMethodWorker.invokeTestMethods(TestMethodWorker.java:148)
	at org.testng.internal.invokers.TestMethodWorker.run(TestMethodWorker.java:128)
	at java.base/java.util.concurrent.Executors$RunnableAdapter.call(Executors.java:572)
	at java.base/java.util.concurrent.FutureTask.run(FutureTask.java:317)
	at org.testng.internal.thread.graph.TestNGFutureTask.run(TestNGFutureTask.java:22)
	at java.base/java.util.concurrent.ThreadPoolExecutor.runWorker(ThreadPoolExecutor.java:1144)
	at java.base/java.util.concurrent.ThreadPoolExecutor$Worker.run(ThreadPoolExecutor.java:642)
	at java.base/java.lang.Thread.run(Thread.java:1583)
]]></system-err>
  </testcase>
  <testcase name="testNewsSearch" classname="com.mycompany.carina.demo.WebSampleTest" time="42.509">
    <system-out><![CDATA[2024-03-10 00:40:32 Messager [TestNG-test-Hello World test-1-45] [INFO] TEST [Hello World test - testNewsSearch] STARTED at [00:40:32 2024-03-10]
--------- Executing :- testNewsSearch ---------
2024-03-10 00:40:32 DriverFactory [TestNG-test-Hello World test-1-45] [INFO] Starting driver session...
2024-03-10 00:40:33 DriverFactory [TestNG-test-Hello World test-1-45] [INFO] Driver session started.
2024-03-10 00:40:33 Messager [TestNG-test-Hello World test-1-45] [INFO] INFO: opening url 'https://www.gsmarena.com'
2024-03-10 00:41:00 DriverListener [TestNG-test-Hello World test-1-45] [INFO] PASS: element 'newsLink' is clicked.
2024-03-10 00:41:03 DriverListener [TestNG-test-Hello World test-1-45] [INFO] PASS: keys 'iphone' are sent to element 'searchTextField'.
2024-03-10 00:41:06 DriverListener [TestNG-test-Hello World test-1-45] [INFO] PASS: element 'searchButton' is clicked.
Apple patents a foldable display with no creases for iPhone and iPad
Kuo: No foldable iPhone or iPad in sight, 20.3-inch foldable screen MacBook to launch in 2027
Apple iPhone SE 4 renders reveal iPhone 14 frame and notched screen
Deals: vanilla and plus iPhones are £100 off at Amazon
iPhone 17 and 17 Plus to get 120Hz displays with Always-on
Check out these deals on the Poco X6 and M6 Pro, Galaxy S23 FE and iPhone 15
Report: Apple's folding device taking shape, isn't an iPhone
Apple confirms iPhone 15 series batteries have longer lifespan
iPhone 16 Pro and iPhone 16 Pro Max to come in these new colors
Death Stranding Director's Cut for iPhone review
iPhone 16's camera module leaks confirming new vertical arrangement
Next iPhone SE coming in 2025 with OLED screen borrowed from the iPhone 14
iPhone 16's hugely improved Neural Engine will work with iOS 18's generative AI features
iPhone 16 Pro series to offer up to 2TB storage and larger batteries
Next iPhone SE to feature Dynamic Island, rumor claims
Apple is building at least two flip-style foldable iPhone prototypes, report says
iPhone 16 camera bump design changes again says rumor
Deal: refurbished iPhones cost less on Amazon UK than on Apple.com
Apple hints generative AI is coming on iPhone 16
Kuo: iPhone shipments to decline by up to 15% in 2024
2024-03-10 00:41:13 Messager [TestNG-test-Hello World test-1-45] [INFO] TEST [Hello World test - testNewsSearch] PASSED at [00:41:12 2024-03-10]
]]></system-out>
  </testcase>
</testsuite>