<?xml version="1.0" encoding="UTF-8"?>
<!-- Generated by org.testng.reporters.JUnitReportReporter -->
<testsuite hostname="PT076LT" failures="0" tests="2" name="com.mycompany.carina.demo.JenkinsClientTest" time="0.023" errors="0" timestamp="2024-03-08T17:59:22 IST" skipped="0">
  <testcase classname="com.mycompany.carina.demo.JenkinsClientTest" name="testSetJenkinsUrl" time="0.002"/>
  <system-out/>
  <testcase classname="com.mycompany.carina.demo.JenkinsClientTest" name="testJenkinsClientUrl" time="0.021"/>
  <system-out/>
</testsuite> <!-- com.mycompany.carina.demo.JenkinsClientTest -->
