<?xml version="1.0" encoding="UTF-8"?>
<!-- Generated by org.testng.reporters.JUnitReportReporter -->
<testsuite hostname="PT076LT" failures="0" tests="1" name="com.mycompany.carina.demo.testrunner.CucumberWebSampleTest" time="38.264" errors="0" timestamp="2024-03-13T12:08:23 IST" skipped="0">
  <testcase classname="com.mycompany.carina.demo.testrunner.CucumberWebSampleTest" name="runScenario" time="38.264"/>
  <system-out>
    <![CDATA[Parkar Home Page Launched<br/>
Parkar Contact Us Page Launched<br/>
Parkar Contact Us Page form filling staretd<br/>
Parkar Contact Us Page Submit button Clicked<br/>]]>
  </system-out>
</testsuite> <!-- com.mycompany.carina.demo.testrunner.CucumberWebSampleTest -->
